#
# A fatal error has been detected by the Java Runtime Environment:
#
#  SIGSEGV (0xb) at pc=0x00007fff20489d29, pid=3311, tid=775
#
# JRE version: OpenJDK Runtime Environment (11.0.7+10) (build 11.0.7+10)
# Java VM: OpenJDK 64-Bit Server VM (11.0.7+10, mixed mode, tiered, compressed oops, g1 gc, bsd-amd64)
# Problematic frame:
# C  [libobjc.A.dylib+0x5d29]  objc_msgSend+0x29
#
# No core dump will be written. Core dumps have been disabled. To enable core dumping, try "ulimit -c unlimited" before starting Java again
#
# If you would like to submit a bug report, please visit:
#   https://github.com/AdoptOpenJDK/openjdk-support/issues
# The crash happened outside the Java Virtual Machine in native code.
# See problematic frame for where to report the bug.
#

---------------  S U M M A R Y ------------

Command Line: -javaagent:/Applications/IntelliJ IDEA.app/Contents/lib/idea_rt.jar=50859:/Applications/IntelliJ IDEA.app/Contents/bin -Dfile.encoding=UTF-8 Launcher

Host: MacBookAir7,2 x86_64 1800 MHz, 4 cores, 8G, Darwin 20.3.0
Time: Mon Mar 15 13:27:51 2021 CET elapsed time: 2 seconds (0d 0h 0m 2s)

---------------  T H R E A D  ---------------

Current thread (0x00007fabb7917000):  JavaThread "AppKit Thread" daemon [_thread_in_native, id=775, stack(0x00007ffeea3a9000,0x00007ffeeaba9000)]

Stack: [0x00007ffeea3a9000,0x00007ffeeaba9000],  sp=0x00007ffeeaba4af8,  free space=8174k
Native frames: (J=compiled Java code, A=aot compiled Java code, j=interpreted, Vv=VM code, C=native code)
C  [libobjc.A.dylib+0x5d29]  objc_msgSend+0x29
C  [QuartzCore+0x3f5e]  CA::Transaction::run_commit_handlers(CATransactionPhase)+0x5c
C  [QuartzCore+0x2d04]  CA::Transaction::commit()+0x17e
C  [AppKit+0x1c2e22]  __62+[CATransaction(NSCATransaction) NS_setFlushesWithDisplayLink]_block_invoke+0x11d
C  [AppKit+0x911ec2]  ___NSRunLoopObserverCreateWithHandler_block_invoke+0x29
C  [CoreFoundation+0x80dad]  __CFRUNLOOP_IS_CALLING_OUT_TO_AN_OBSERVER_CALLBACK_FUNCTION__+0x17
C  [CoreFoundation+0x80c3d]  __CFRunLoopDoObservers+0x225
C  [CoreFoundation+0x800ed]  __CFRunLoopRun+0x346
C  [CoreFoundation+0x7f6ce]  CFRunLoopRunSpecific+0x233
C  [HIToolbox+0x31630]  RunCurrentEventLoopInMode+0x124
C  [HIToolbox+0x3142c]  ReceiveNextEventCommon+0x2c5
C  [HIToolbox+0x3114f]  _BlockUntilNextEventMatchingListInModeWithFilter+0x40
C  [AppKit+0x3e9b1]  _DPSNextEvent+0x373
C  [AppKit+0x3d177]  -[NSApplication(NSEvent) _nextEventMatchingEventMask:untilDate:inMode:dequeue:]+0x556
C  [libosxapp.dylib+0x2bdc]  -[NSApplicationAWT nextEventMatchingMask:untilDate:inMode:dequeue:]+0x79
C  [AppKit+0x2f68a]  -[NSApplication run]+0x24a
C  [libosxapp.dylib+0x2a21]  +[NSApplicationAWT runAWTLoopWithApp:]+0xde
C  [libawt_lwawt.dylib+0x36755]  +[AWTStarter starter:headless:]+0x341
C  [JavaNativeFoundation+0x970f]  +[JNFRunLoop _performCopiedBlock:]+0xf
C  [Foundation+0x804d9]  __NSThreadPerformPerform+0xcc
C  [CoreFoundation+0x81a0c]  __CFRUNLOOP_IS_CALLING_OUT_TO_A_SOURCE0_PERFORM_FUNCTION__+0x11
C  [CoreFoundation+0x81974]  __CFRunLoopDoSource0+0xb4
C  [CoreFoundation+0x816ef]  __CFRunLoopDoSources0+0xf8
C  [CoreFoundation+0x80121]  __CFRunLoopRun+0x37a
C  [CoreFoundation+0x7f6ce]  CFRunLoopRunSpecific+0x233
C  [libjli.dylib+0x665b]  CreateExecutionEnvironment+0x18e
C  [libjli.dylib+0x2876]  JLI_Launch+0x52a
C  [java+0x1887]  main+0x177
C  [libdyld.dylib+0x15621]  start+0x1


siginfo: si_signo: 11 (SIGSEGV), si_code: 1 (SEGV_MAPERR), si_addr: 0x0000000000000000

Register to memory mapping:

RAX=0x00007fff7c56c902: GCC_except_table772+0x5c0b403e in /usr/lib/libobjc.A.dylib at 0x00007fff20484000
RBX=0x0000000000000002 is an unknown value
RCX=0x0000000000000078 is an unknown value
RDX=0x0 is NULL
RSP=0x00007ffeeaba4af8 is pointing into the stack for thread: 0x00007fabb7917000
RBP=0x00007ffeeaba4cb0 is pointing into the stack for thread: 0x00007fabb7917000
RSI=0x00007fff7c5676b1: GCC_except_table772+0x5c0aeded in /usr/lib/libobjc.A.dylib at 0x00007fff20484000
RDI=0x00007fabb6d55050 points into unknown readable memory: 2a 13 08 37 b8 00 10 5d
R8 =0x0000000000000010 is an unknown value
R9 =0x0 is NULL
R10=0x00007fabb9298000 is a thread
R11=0x0 is NULL
R12=0x00007fff7c567aae: GCC_except_table772+0x5c0af1ea in /usr/lib/libobjc.A.dylib at 0x00007fff20484000
R13=0x00007fabb6d55050 points into unknown readable memory: 2a 13 08 37 b8 00 10 5d
R14=0x0000000600000007 is an unknown value
R15=0x00007fff20489d00: objc_msgSend+0 in /usr/lib/libobjc.A.dylib at 0x00007fff20484000


Registers:
RAX=0x00007fff7c56c902, RBX=0x0000000000000002, RCX=0x0000000000000078, RDX=0x0000000000000000
RSP=0x00007ffeeaba4af8, RBP=0x00007ffeeaba4cb0, RSI=0x00007fff7c5676b1, RDI=0x00007fabb6d55050
R8 =0x0000000000000010, R9 =0x0000000000000000, R10=0x00007fabb9298000, R11=0x0000000000000000
R12=0x00007fff7c567aae, R13=0x00007fabb6d55050, R14=0x0000000600000007, R15=0x00007fff20489d00
RIP=0x00007fff20489d29, EFLAGS=0x0000000000010246, ERR=0x0000000000000004
  TRAPNO=0x000000000000000e

Top of Stack: (sp=0x00007ffeeaba4af8)
0x00007ffeeaba4af8:   00007fff22fd843a ffffffffffffffff
0x00007ffeeaba4b08:   00007fabb6d631e0 00007fabb6d55170
0x00007ffeeaba4b18:   0000000000000000 0000000000000000
0x00007ffeeaba4b28:   0000000000000000 0000000000000000
0x00007ffeeaba4b38:   0000000000000000 0000000000000080
0x00007ffeeaba4b48:   00007fff7c56c902 0000000000000002
0x00007ffeeaba4b58:   00007fff7c56862a 00007fff7c5687e1
0x00007ffeeaba4b68:   00007fabb6d55150 0000000600000007
0x00007ffeeaba4b78:   00007fff7c623d63 0000000000000002
0x00007ffeeaba4b88:   0000000000000006 00007fabb6d6d908
0x00007ffeeaba4b98:   00007fabb6fb75c0 0000000000000006
0x00007ffeeaba4ba8:   00007fff7c567a0b 00007fabb6d357e0
0x00007ffeeaba4bb8:   00007fabb6d6d900 0000000105085400
0x00007ffeeaba4bc8:   0000000000000001 0000000105085400
0x00007ffeeaba4bd8:   0000000000000003 0000000105082080
0x00007ffeeaba4be8:   00007fabb6d00000 00007ffeeaba4c60
0x00007ffeeaba4bf8:   00007fff204181f9 00007ffe00000000
0x00007ffeeaba4c08:   00007fff20681c4a 00007fabb6d00000
0x00007ffeeaba4c18:   00000000b6d59a90 0000000000000000
0x00007ffeeaba4c28:   0000000000000002 00007fabb6d632d0
0x00007ffeeaba4c38:   0000000000601101 00007fff8030b2d0
0x00007ffeeaba4c48:   00007fabb6d59aa0 00007fff88648980
0x00007ffeeaba4c58:   0000000000000000 0000000031ca01cd
0x00007ffeeaba4c68:   0000000000000000 00007ffeeaba4cb0
0x00007ffeeaba4c78:   00007fff205b8c69 5ce64165eed1004b
0x00007ffeeaba4c88:   00007fabb9f06130 0000000000000004
0x00007ffeeaba4c98:   0000000000000000 00007fabb7952800
0x00007ffeeaba4ca8:   00007fabb79528b0 00007ffeeaba4cf0
0x00007ffeeaba4cb8:   00007fff26e82f5e 0000000000000000
0x00007ffeeaba4cc8:   000000000000000b 0000000000000000
0x00007ffeeaba4cd8:   00007fabb7952800 00007ffeeaba4d80
0x00007ffeeaba4ce8:   00007fabb7952878 00007ffeeaba4dd0 

Instructions: (pc=0x00007fff20489d29)
0x00007fff20489c29:   48 89 f8 c3 48 8b 05 3c 5b 77 68 ff e0 90 90 90
0x00007fff20489c39:   90 90 90 90 90 90 90 31 c0 31 d2 0f 57 c0 0f 57
0x00007fff20489c49:   c9 c3 90 d9 ee 31 c0 31 d2 0f 57 c0 0f 57 c9 c3
0x00007fff20489c59:   0f 1f 00 d9 ee d9 ee 31 c0 31 d2 0f 57 c0 0f 57
0x00007fff20489c69:   c9 c3 90 48 89 f8 c3 49 89 fa 49 89 f3 45 23 5a
0x00007fff20489c79:   18 49 c1 e3 04 4d 03 5a 10 49 3b 33 75 0e 49 8b
0x00007fff20489c89:   43 08 48 83 f8 00 74 03 4c 31 d0 c3 49 83 3b 01
0x00007fff20489c99:   76 17 49 83 c3 10 49 3b 33 75 f1 49 8b 43 08 48
0x00007fff20489ca9:   83 f8 00 74 03 4c 31 d0 c3 72 25 4d 8b 5b 08 eb
0x00007fff20489cb9:   0a 49 83 3b 01 76 17 49 83 c3 10 49 3b 33 75 f1
0x00007fff20489cc9:   49 8b 43 08 48 83 f8 00 74 03 4c 31 d0 c3 eb 00
0x00007fff20489cd9:   31 c0 c3 66 2e 0f 1f 84 00 00 00 00 00 66 2e 0f
0x00007fff20489ce9:   1f 84 00 00 00 00 00 66 2e 0f 1f 84 00 00 00 00
0x00007fff20489cf9:   00 66 0f 1f 44 00 00 48 85 ff 2e 74 72 40 f6 c7
0x00007fff20489d09:   01 2e 75 76 49 ba f8 ff ff ff ff 7f 00 00 4c 23
0x00007fff20489d19:   17 49 89 f3 45 23 5a 18 49 c1 e3 04 4d 03 5a 10
0x00007fff20489d29:   49 3b 33 75 0a 4d 8b 5b 08 4d 31 d3 41 ff e3 49
0x00007fff20489d39:   83 3b 01 76 13 49 83 c3 10 49 3b 33 75 f1 4d 8b
0x00007fff20489d49:   5b 08 4d 31 d3 41 ff e3 72 70 4d 8b 5b 08 eb 0a
0x00007fff20489d59:   49 83 3b 01 76 13 49 83 c3 10 49 3b 33 75 f1 4d
0x00007fff20489d69:   8b 5b 08 4d 31 d3 41 ff e3 eb 4f 0f 1f 40 00 31
0x00007fff20489d79:   c0 31 d2 0f 57 c0 0f 57 c9 c3 41 89 fb 41 83 e3
0x00007fff20489d89:   0f 4c 8d 15 af 50 77 68 4f 8b 14 da 4c 8d 1d 7c
0x00007fff20489d99:   4f 77 68 4d 39 d3 0f 85 75 ff ff ff 41 89 fb 41
0x00007fff20489da9:   c1 eb 04 41 81 e3 ff 00 00 00 4c 8d 15 06 51 77
0x00007fff20489db9:   68 4f 8b 14 da e9 57 ff ff ff e9 88 0a 00 00 66
0x00007fff20489dc9:   2e 0f 1f 84 00 00 00 00 00 66 2e 0f 1f 84 00 00
0x00007fff20489dd9:   00 00 00 66 2e 0f 1f 84 00 00 00 00 00 66 2e 0f
0x00007fff20489de9:   1f 84 00 00 00 00 00 66 2e 0f 1f 84 00 00 00 00
0x00007fff20489df9:   00 66 0f 1f 44 00 00 48 85 ff 2e 74 6a 40 f6 c7
0x00007fff20489e09:   01 2e 75 6b 49 ba f8 ff ff ff ff 7f 00 00 4c 23
0x00007fff20489e19:   17 49 89 f3 45 23 5a 18 49 c1 e3 04 4d 03 5a 10 


Stack slot to memory mapping:
stack at sp + 0 slots: 0x00007fff22fd843a: NSDisplayCycleFlush+0x361 in /System/Library/Frameworks/AppKit.framework/Versions/C/AppKit at 0x00007fff22ec5000
stack at sp + 1 slots: 0xffffffffffffffff is an unknown value
stack at sp + 2 slots: 0x00007fabb6d631e0 points into unknown readable memory: 60 d6 e3 b6 ab 7f 00 00
stack at sp + 3 slots: 0x00007fabb6d55170 points into unknown readable memory: 07 00 00 00 06 00 00 00
stack at sp + 4 slots: 0x0 is NULL
stack at sp + 5 slots: 0x0 is NULL
stack at sp + 6 slots: 0x0 is NULL
stack at sp + 7 slots: 0x0 is NULL


---------------  P R O C E S S  ---------------

Threads class SMR info:
_java_thread_list=0x00007fabb6d6b5c0, length=14, elements={
0x00007fabb904c800, 0x00007fabb785a000, 0x00007fabb7855800, 0x00007fabb9051000,
0x00007fabb801c800, 0x00007fabb801f800, 0x00007fabb912b000, 0x00007fabb7909800,
0x00007fabb7062000, 0x00007fabb790a800, 0x00007fabb7917000, 0x00007fabb715c000,
0x00007fabb9298000, 0x00007fabb7956800
}

Java Threads: ( => current thread )
  0x00007fabb904c800 JavaThread "Reference Handler" daemon [_thread_blocked, id=18947, stack(0x000070000d05d000,0x000070000d15d000)]
  0x00007fabb785a000 JavaThread "Finalizer" daemon [_thread_blocked, id=14595, stack(0x000070000d160000,0x000070000d260000)]
  0x00007fabb7855800 JavaThread "Signal Dispatcher" daemon [_thread_blocked, id=43267, stack(0x000070000d369000,0x000070000d469000)]
  0x00007fabb9051000 JavaThread "C2 CompilerThread0" daemon [_thread_blocked, id=43011, stack(0x000070000d46c000,0x000070000d56c000)]
  0x00007fabb801c800 JavaThread "C1 CompilerThread0" daemon [_thread_blocked, id=42499, stack(0x000070000d56f000,0x000070000d66f000)]
  0x00007fabb801f800 JavaThread "Sweeper thread" daemon [_thread_blocked, id=41987, stack(0x000070000d672000,0x000070000d772000)]
  0x00007fabb912b000 JavaThread "Common-Cleaner" daemon [_thread_blocked, id=23811, stack(0x000070000d775000,0x000070000d875000)]
  0x00007fabb7909800 JavaThread "Monitor Ctrl-Break" daemon [_thread_in_native, id=41475, stack(0x000070000d878000,0x000070000d978000)]
  0x00007fabb7062000 JavaThread "Service Thread" daemon [_thread_blocked, id=25091, stack(0x000070000d97b000,0x000070000da7b000)]
  0x00007fabb790a800 JavaThread "Attach Listener" daemon [_thread_blocked, id=27139, stack(0x000070000db81000,0x000070000dc81000)]
=>0x00007fabb7917000 JavaThread "AppKit Thread" daemon [_thread_in_native, id=775, stack(0x00007ffeea3a9000,0x00007ffeeaba9000)]
  0x00007fabb715c000 JavaThread "AWT-Shutdown" [_thread_blocked, id=34571, stack(0x000070000dc84000,0x000070000dd84000)]
  0x00007fabb9298000 JavaThread "LWJGL Application" [_thread_in_native, id=64003, stack(0x000070000e11c000,0x000070000e21c000)]
  0x00007fabb7956800 JavaThread "DestroyJavaVM" [_thread_blocked, id=6403, stack(0x000070000c948000,0x000070000ca48000)]

Other Threads:
  0x00007fabb7857000 VMThread "VM Thread" [stack: 0x000070000cf5a000,0x000070000d05a000] [id=13827]
  0x00007fabb80f4000 WatcherThread [stack: 0x000070000da7e000,0x000070000db7e000] [id=41219]
  0x00007fabb900a000 GCTaskThread "GC Thread#0" [stack: 0x000070000ca4b000,0x000070000cb4b000] [id=20739]
  0x00007fabb7017000 ConcurrentGCThread "G1 Main Marker" [stack: 0x000070000cb4e000,0x000070000cc4e000] [id=11779]
  0x00007fabb9030800 ConcurrentGCThread "G1 Conc#0" [stack: 0x000070000cc51000,0x000070000cd51000] [id=20227]
  0x00007fabb9048800 ConcurrentGCThread "G1 Refine#0" [stack: 0x000070000cd54000,0x000070000ce54000] [id=12547]
  0x00007fabb9049800 ConcurrentGCThread "G1 Young RemSet Sampling" [stack: 0x000070000ce57000,0x000070000cf57000] [id=12803]

Threads with active compile tasks:

VM state:not at safepoint (normal execution)

VM Mutex/Monitor currently owned by a thread: None

Heap address: 0x0000000780000000, size: 2048 MB, Compressed Oops mode: Zero based, Oop shift amount: 3
Narrow klass base: 0x0000000800000000, Narrow klass shift: 0
Compressed class space size: 1073741824 Address: 0x0000000800000000

Heap:
 garbage-first heap   total 131072K, used 8192K [0x0000000780000000, 0x0000000800000000)
  region size 1024K, 9 young (9216K), 0 survivors (0K)
 Metaspace       used 10856K, capacity 11089K, committed 11392K, reserved 1058816K
  class space    used 995K, capacity 1074K, committed 1152K, reserved 1048576K
Heap Regions: E=young(eden), S=young(survivor), O=old, HS=humongous(starts), HC=humongous(continues), CS=collection set, F=free, A=archive, TAMS=top-at-mark-start (previous, next)
|   0|0x0000000780000000, 0x0000000780000000, 0x0000000780100000|  0%| F|  |TAMS 0x0000000780000000, 0x0000000780000000| Untracked 
|   1|0x0000000780100000, 0x0000000780100000, 0x0000000780200000|  0%| F|  |TAMS 0x0000000780100000, 0x0000000780100000| Untracked 
|   2|0x0000000780200000, 0x0000000780200000, 0x0000000780300000|  0%| F|  |TAMS 0x0000000780200000, 0x0000000780200000| Untracked 
|   3|0x0000000780300000, 0x0000000780300000, 0x0000000780400000|  0%| F|  |TAMS 0x0000000780300000, 0x0000000780300000| Untracked 
|   4|0x0000000780400000, 0x0000000780400000, 0x0000000780500000|  0%| F|  |TAMS 0x0000000780400000, 0x0000000780400000| Untracked 
|   5|0x0000000780500000, 0x0000000780500000, 0x0000000780600000|  0%| F|  |TAMS 0x0000000780500000, 0x0000000780500000| Untracked 
|   6|0x0000000780600000, 0x0000000780600000, 0x0000000780700000|  0%| F|  |TAMS 0x0000000780600000, 0x0000000780600000| Untracked 
|   7|0x0000000780700000, 0x0000000780700000, 0x0000000780800000|  0%| F|  |TAMS 0x0000000780700000, 0x0000000780700000| Untracked 
|   8|0x0000000780800000, 0x0000000780800000, 0x0000000780900000|  0%| F|  |TAMS 0x0000000780800000, 0x0000000780800000| Untracked 
|   9|0x0000000780900000, 0x0000000780900000, 0x0000000780a00000|  0%| F|  |TAMS 0x0000000780900000, 0x0000000780900000| Untracked 
|  10|0x0000000780a00000, 0x0000000780a00000, 0x0000000780b00000|  0%| F|  |TAMS 0x0000000780a00000, 0x0000000780a00000| Untracked 
|  11|0x0000000780b00000, 0x0000000780b00000, 0x0000000780c00000|  0%| F|  |TAMS 0x0000000780b00000, 0x0000000780b00000| Untracked 
|  12|0x0000000780c00000, 0x0000000780c00000, 0x0000000780d00000|  0%| F|  |TAMS 0x0000000780c00000, 0x0000000780c00000| Untracked 
|  13|0x0000000780d00000, 0x0000000780d00000, 0x0000000780e00000|  0%| F|  |TAMS 0x0000000780d00000, 0x0000000780d00000| Untracked 
|  14|0x0000000780e00000, 0x0000000780e00000, 0x0000000780f00000|  0%| F|  |TAMS 0x0000000780e00000, 0x0000000780e00000| Untracked 
|  15|0x0000000780f00000, 0x0000000780f00000, 0x0000000781000000|  0%| F|  |TAMS 0x0000000780f00000, 0x0000000780f00000| Untracked 
|  16|0x0000000781000000, 0x0000000781000000, 0x0000000781100000|  0%| F|  |TAMS 0x0000000781000000, 0x0000000781000000| Untracked 
|  17|0x0000000781100000, 0x0000000781100000, 0x0000000781200000|  0%| F|  |TAMS 0x0000000781100000, 0x0000000781100000| Untracked 
|  18|0x0000000781200000, 0x0000000781200000, 0x0000000781300000|  0%| F|  |TAMS 0x0000000781200000, 0x0000000781200000| Untracked 
|  19|0x0000000781300000, 0x0000000781300000, 0x0000000781400000|  0%| F|  |TAMS 0x0000000781300000, 0x0000000781300000| Untracked 
|  20|0x0000000781400000, 0x0000000781400000, 0x0000000781500000|  0%| F|  |TAMS 0x0000000781400000, 0x0000000781400000| Untracked 
|  21|0x0000000781500000, 0x0000000781500000, 0x0000000781600000|  0%| F|  |TAMS 0x0000000781500000, 0x0000000781500000| Untracked 
|  22|0x0000000781600000, 0x0000000781600000, 0x0000000781700000|  0%| F|  |TAMS 0x0000000781600000, 0x0000000781600000| Untracked 
|  23|0x0000000781700000, 0x0000000781700000, 0x0000000781800000|  0%| F|  |TAMS 0x0000000781700000, 0x0000000781700000| Untracked 
|  24|0x0000000781800000, 0x0000000781800000, 0x0000000781900000|  0%| F|  |TAMS 0x0000000781800000, 0x0000000781800000| Untracked 
|  25|0x0000000781900000, 0x0000000781900000, 0x0000000781a00000|  0%| F|  |TAMS 0x0000000781900000, 0x0000000781900000| Untracked 
|  26|0x0000000781a00000, 0x0000000781a00000, 0x0000000781b00000|  0%| F|  |TAMS 0x0000000781a00000, 0x0000000781a00000| Untracked 
|  27|0x0000000781b00000, 0x0000000781b00000, 0x0000000781c00000|  0%| F|  |TAMS 0x0000000781b00000, 0x0000000781b00000| Untracked 
|  28|0x0000000781c00000, 0x0000000781c00000, 0x0000000781d00000|  0%| F|  |TAMS 0x0000000781c00000, 0x0000000781c00000| Untracked 
|  29|0x0000000781d00000, 0x0000000781d00000, 0x0000000781e00000|  0%| F|  |TAMS 0x0000000781d00000, 0x0000000781d00000| Untracked 
|  30|0x0000000781e00000, 0x0000000781e00000, 0x0000000781f00000|  0%| F|  |TAMS 0x0000000781e00000, 0x0000000781e00000| Untracked 
|  31|0x0000000781f00000, 0x0000000781f00000, 0x0000000782000000|  0%| F|  |TAMS 0x0000000781f00000, 0x0000000781f00000| Untracked 
|  32|0x0000000782000000, 0x0000000782000000, 0x0000000782100000|  0%| F|  |TAMS 0x0000000782000000, 0x0000000782000000| Untracked 
|  33|0x0000000782100000, 0x0000000782100000, 0x0000000782200000|  0%| F|  |TAMS 0x0000000782100000, 0x0000000782100000| Untracked 
|  34|0x0000000782200000, 0x0000000782200000, 0x0000000782300000|  0%| F|  |TAMS 0x0000000782200000, 0x0000000782200000| Untracked 
|  35|0x0000000782300000, 0x0000000782300000, 0x0000000782400000|  0%| F|  |TAMS 0x0000000782300000, 0x0000000782300000| Untracked 
|  36|0x0000000782400000, 0x0000000782400000, 0x0000000782500000|  0%| F|  |TAMS 0x0000000782400000, 0x0000000782400000| Untracked 
|  37|0x0000000782500000, 0x0000000782500000, 0x0000000782600000|  0%| F|  |TAMS 0x0000000782500000, 0x0000000782500000| Untracked 
|  38|0x0000000782600000, 0x0000000782600000, 0x0000000782700000|  0%| F|  |TAMS 0x0000000782600000, 0x0000000782600000| Untracked 
|  39|0x0000000782700000, 0x0000000782700000, 0x0000000782800000|  0%| F|  |TAMS 0x0000000782700000, 0x0000000782700000| Untracked 
|  40|0x0000000782800000, 0x0000000782800000, 0x0000000782900000|  0%| F|  |TAMS 0x0000000782800000, 0x0000000782800000| Untracked 
|  41|0x0000000782900000, 0x0000000782900000, 0x0000000782a00000|  0%| F|  |TAMS 0x0000000782900000, 0x0000000782900000| Untracked 
|  42|0x0000000782a00000, 0x0000000782a00000, 0x0000000782b00000|  0%| F|  |TAMS 0x0000000782a00000, 0x0000000782a00000| Untracked 
|  43|0x0000000782b00000, 0x0000000782b00000, 0x0000000782c00000|  0%| F|  |TAMS 0x0000000782b00000, 0x0000000782b00000| Untracked 
|  44|0x0000000782c00000, 0x0000000782c00000, 0x0000000782d00000|  0%| F|  |TAMS 0x0000000782c00000, 0x0000000782c00000| Untracked 
|  45|0x0000000782d00000, 0x0000000782d00000, 0x0000000782e00000|  0%| F|  |TAMS 0x0000000782d00000, 0x0000000782d00000| Untracked 
|  46|0x0000000782e00000, 0x0000000782e00000, 0x0000000782f00000|  0%| F|  |TAMS 0x0000000782e00000, 0x0000000782e00000| Untracked 
|  47|0x0000000782f00000, 0x0000000782f00000, 0x0000000783000000|  0%| F|  |TAMS 0x0000000782f00000, 0x0000000782f00000| Untracked 
|  48|0x0000000783000000, 0x0000000783000000, 0x0000000783100000|  0%| F|  |TAMS 0x0000000783000000, 0x0000000783000000| Untracked 
|  49|0x0000000783100000, 0x0000000783100000, 0x0000000783200000|  0%| F|  |TAMS 0x0000000783100000, 0x0000000783100000| Untracked 
|  50|0x0000000783200000, 0x0000000783200000, 0x0000000783300000|  0%| F|  |TAMS 0x0000000783200000, 0x0000000783200000| Untracked 
|  51|0x0000000783300000, 0x0000000783300000, 0x0000000783400000|  0%| F|  |TAMS 0x0000000783300000, 0x0000000783300000| Untracked 
|  52|0x0000000783400000, 0x0000000783400000, 0x0000000783500000|  0%| F|  |TAMS 0x0000000783400000, 0x0000000783400000| Untracked 
|  53|0x0000000783500000, 0x0000000783500000, 0x0000000783600000|  0%| F|  |TAMS 0x0000000783500000, 0x0000000783500000| Untracked 
|  54|0x0000000783600000, 0x0000000783600000, 0x0000000783700000|  0%| F|  |TAMS 0x0000000783600000, 0x0000000783600000| Untracked 
|  55|0x0000000783700000, 0x0000000783700000, 0x0000000783800000|  0%| F|  |TAMS 0x0000000783700000, 0x0000000783700000| Untracked 
|  56|0x0000000783800000, 0x0000000783800000, 0x0000000783900000|  0%| F|  |TAMS 0x0000000783800000, 0x0000000783800000| Untracked 
|  57|0x0000000783900000, 0x0000000783900000, 0x0000000783a00000|  0%| F|  |TAMS 0x0000000783900000, 0x0000000783900000| Untracked 
|  58|0x0000000783a00000, 0x0000000783a00000, 0x0000000783b00000|  0%| F|  |TAMS 0x0000000783a00000, 0x0000000783a00000| Untracked 
|  59|0x0000000783b00000, 0x0000000783b00000, 0x0000000783c00000|  0%| F|  |TAMS 0x0000000783b00000, 0x0000000783b00000| Untracked 
|  60|0x0000000783c00000, 0x0000000783c00000, 0x0000000783d00000|  0%| F|  |TAMS 0x0000000783c00000, 0x0000000783c00000| Untracked 
|  61|0x0000000783d00000, 0x0000000783d00000, 0x0000000783e00000|  0%| F|  |TAMS 0x0000000783d00000, 0x0000000783d00000| Untracked 
|  62|0x0000000783e00000, 0x0000000783e00000, 0x0000000783f00000|  0%| F|  |TAMS 0x0000000783e00000, 0x0000000783e00000| Untracked 
|  63|0x0000000783f00000, 0x0000000783f00000, 0x0000000784000000|  0%| F|  |TAMS 0x0000000783f00000, 0x0000000783f00000| Untracked 
|  64|0x0000000784000000, 0x0000000784000000, 0x0000000784100000|  0%| F|  |TAMS 0x0000000784000000, 0x0000000784000000| Untracked 
|  65|0x0000000784100000, 0x0000000784100000, 0x0000000784200000|  0%| F|  |TAMS 0x0000000784100000, 0x0000000784100000| Untracked 
|  66|0x0000000784200000, 0x0000000784200000, 0x0000000784300000|  0%| F|  |TAMS 0x0000000784200000, 0x0000000784200000| Untracked 
|  67|0x0000000784300000, 0x0000000784300000, 0x0000000784400000|  0%| F|  |TAMS 0x0000000784300000, 0x0000000784300000| Untracked 
|  68|0x0000000784400000, 0x0000000784400000, 0x0000000784500000|  0%| F|  |TAMS 0x0000000784400000, 0x0000000784400000| Untracked 
|  69|0x0000000784500000, 0x0000000784500000, 0x0000000784600000|  0%| F|  |TAMS 0x0000000784500000, 0x0000000784500000| Untracked 
|  70|0x0000000784600000, 0x0000000784600000, 0x0000000784700000|  0%| F|  |TAMS 0x0000000784600000, 0x0000000784600000| Untracked 
|  71|0x0000000784700000, 0x0000000784700000, 0x0000000784800000|  0%| F|  |TAMS 0x0000000784700000, 0x0000000784700000| Untracked 
|  72|0x0000000784800000, 0x0000000784800000, 0x0000000784900000|  0%| F|  |TAMS 0x0000000784800000, 0x0000000784800000| Untracked 
|  73|0x0000000784900000, 0x0000000784900000, 0x0000000784a00000|  0%| F|  |TAMS 0x0000000784900000, 0x0000000784900000| Untracked 
|  74|0x0000000784a00000, 0x0000000784a00000, 0x0000000784b00000|  0%| F|  |TAMS 0x0000000784a00000, 0x0000000784a00000| Untracked 
|  75|0x0000000784b00000, 0x0000000784b00000, 0x0000000784c00000|  0%| F|  |TAMS 0x0000000784b00000, 0x0000000784b00000| Untracked 
|  76|0x0000000784c00000, 0x0000000784c00000, 0x0000000784d00000|  0%| F|  |TAMS 0x0000000784c00000, 0x0000000784c00000| Untracked 
|  77|0x0000000784d00000, 0x0000000784d00000, 0x0000000784e00000|  0%| F|  |TAMS 0x0000000784d00000, 0x0000000784d00000| Untracked 
|  78|0x0000000784e00000, 0x0000000784e00000, 0x0000000784f00000|  0%| F|  |TAMS 0x0000000784e00000, 0x0000000784e00000| Untracked 
|  79|0x0000000784f00000, 0x0000000784f00000, 0x0000000785000000|  0%| F|  |TAMS 0x0000000784f00000, 0x0000000784f00000| Untracked 
|  80|0x0000000785000000, 0x0000000785000000, 0x0000000785100000|  0%| F|  |TAMS 0x0000000785000000, 0x0000000785000000| Untracked 
|  81|0x0000000785100000, 0x0000000785100000, 0x0000000785200000|  0%| F|  |TAMS 0x0000000785100000, 0x0000000785100000| Untracked 
|  82|0x0000000785200000, 0x0000000785200000, 0x0000000785300000|  0%| F|  |TAMS 0x0000000785200000, 0x0000000785200000| Untracked 
|  83|0x0000000785300000, 0x0000000785300000, 0x0000000785400000|  0%| F|  |TAMS 0x0000000785300000, 0x0000000785300000| Untracked 
|  84|0x0000000785400000, 0x0000000785400000, 0x0000000785500000|  0%| F|  |TAMS 0x0000000785400000, 0x0000000785400000| Untracked 
|  85|0x0000000785500000, 0x0000000785500000, 0x0000000785600000|  0%| F|  |TAMS 0x0000000785500000, 0x0000000785500000| Untracked 
|  86|0x0000000785600000, 0x0000000785600000, 0x0000000785700000|  0%| F|  |TAMS 0x0000000785600000, 0x0000000785600000| Untracked 
|  87|0x0000000785700000, 0x0000000785700000, 0x0000000785800000|  0%| F|  |TAMS 0x0000000785700000, 0x0000000785700000| Untracked 
|  88|0x0000000785800000, 0x0000000785800000, 0x0000000785900000|  0%| F|  |TAMS 0x0000000785800000, 0x0000000785800000| Untracked 
|  89|0x0000000785900000, 0x0000000785900000, 0x0000000785a00000|  0%| F|  |TAMS 0x0000000785900000, 0x0000000785900000| Untracked 
|  90|0x0000000785a00000, 0x0000000785a00000, 0x0000000785b00000|  0%| F|  |TAMS 0x0000000785a00000, 0x0000000785a00000| Untracked 
|  91|0x0000000785b00000, 0x0000000785b00000, 0x0000000785c00000|  0%| F|  |TAMS 0x0000000785b00000, 0x0000000785b00000| Untracked 
|  92|0x0000000785c00000, 0x0000000785c00000, 0x0000000785d00000|  0%| F|  |TAMS 0x0000000785c00000, 0x0000000785c00000| Untracked 
|  93|0x0000000785d00000, 0x0000000785d00000, 0x0000000785e00000|  0%| F|  |TAMS 0x0000000785d00000, 0x0000000785d00000| Untracked 
|  94|0x0000000785e00000, 0x0000000785e00000, 0x0000000785f00000|  0%| F|  |TAMS 0x0000000785e00000, 0x0000000785e00000| Untracked 
|  95|0x0000000785f00000, 0x0000000785f00000, 0x0000000786000000|  0%| F|  |TAMS 0x0000000785f00000, 0x0000000785f00000| Untracked 
|  96|0x0000000786000000, 0x0000000786000000, 0x0000000786100000|  0%| F|  |TAMS 0x0000000786000000, 0x0000000786000000| Untracked 
|  97|0x0000000786100000, 0x0000000786100000, 0x0000000786200000|  0%| F|  |TAMS 0x0000000786100000, 0x0000000786100000| Untracked 
|  98|0x0000000786200000, 0x0000000786200000, 0x0000000786300000|  0%| F|  |TAMS 0x0000000786200000, 0x0000000786200000| Untracked 
|  99|0x0000000786300000, 0x0000000786300000, 0x0000000786400000|  0%| F|  |TAMS 0x0000000786300000, 0x0000000786300000| Untracked 
| 100|0x0000000786400000, 0x0000000786400000, 0x0000000786500000|  0%| F|  |TAMS 0x0000000786400000, 0x0000000786400000| Untracked 
| 101|0x0000000786500000, 0x0000000786500000, 0x0000000786600000|  0%| F|  |TAMS 0x0000000786500000, 0x0000000786500000| Untracked 
| 102|0x0000000786600000, 0x0000000786600000, 0x0000000786700000|  0%| F|  |TAMS 0x0000000786600000, 0x0000000786600000| Untracked 
| 103|0x0000000786700000, 0x0000000786700000, 0x0000000786800000|  0%| F|  |TAMS 0x0000000786700000, 0x0000000786700000| Untracked 
| 104|0x0000000786800000, 0x0000000786800000, 0x0000000786900000|  0%| F|  |TAMS 0x0000000786800000, 0x0000000786800000| Untracked 
| 105|0x0000000786900000, 0x0000000786900000, 0x0000000786a00000|  0%| F|  |TAMS 0x0000000786900000, 0x0000000786900000| Untracked 
| 106|0x0000000786a00000, 0x0000000786a00000, 0x0000000786b00000|  0%| F|  |TAMS 0x0000000786a00000, 0x0000000786a00000| Untracked 
| 107|0x0000000786b00000, 0x0000000786b00000, 0x0000000786c00000|  0%| F|  |TAMS 0x0000000786b00000, 0x0000000786b00000| Untracked 
| 108|0x0000000786c00000, 0x0000000786c00000, 0x0000000786d00000|  0%| F|  |TAMS 0x0000000786c00000, 0x0000000786c00000| Untracked 
| 109|0x0000000786d00000, 0x0000000786d00000, 0x0000000786e00000|  0%| F|  |TAMS 0x0000000786d00000, 0x0000000786d00000| Untracked 
| 110|0x0000000786e00000, 0x0000000786e00000, 0x0000000786f00000|  0%| F|  |TAMS 0x0000000786e00000, 0x0000000786e00000| Untracked 
| 111|0x0000000786f00000, 0x0000000786f00000, 0x0000000787000000|  0%| F|  |TAMS 0x0000000786f00000, 0x0000000786f00000| Untracked 
| 112|0x0000000787000000, 0x0000000787000000, 0x0000000787100000|  0%| F|  |TAMS 0x0000000787000000, 0x0000000787000000| Untracked 
| 113|0x0000000787100000, 0x0000000787100000, 0x0000000787200000|  0%| F|  |TAMS 0x0000000787100000, 0x0000000787100000| Untracked 
| 114|0x0000000787200000, 0x0000000787200000, 0x0000000787300000|  0%| F|  |TAMS 0x0000000787200000, 0x0000000787200000| Untracked 
| 115|0x0000000787300000, 0x0000000787300000, 0x0000000787400000|  0%| F|  |TAMS 0x0000000787300000, 0x0000000787300000| Untracked 
| 116|0x0000000787400000, 0x0000000787400000, 0x0000000787500000|  0%| F|  |TAMS 0x0000000787400000, 0x0000000787400000| Untracked 
| 117|0x0000000787500000, 0x0000000787500000, 0x0000000787600000|  0%| F|  |TAMS 0x0000000787500000, 0x0000000787500000| Untracked 
| 118|0x0000000787600000, 0x0000000787600000, 0x0000000787700000|  0%| F|  |TAMS 0x0000000787600000, 0x0000000787600000| Untracked 
| 119|0x0000000787700000, 0x00000007877fd010, 0x0000000787800000| 98%| E|  |TAMS 0x0000000787700000, 0x0000000787700000| Complete 
| 120|0x0000000787800000, 0x0000000787900000, 0x0000000787900000|100%| E|CS|TAMS 0x0000000787800000, 0x0000000787800000| Complete 
| 121|0x0000000787900000, 0x0000000787a00000, 0x0000000787a00000|100%| E|CS|TAMS 0x0000000787900000, 0x0000000787900000| Complete 
| 122|0x0000000787a00000, 0x0000000787b00000, 0x0000000787b00000|100%| E|CS|TAMS 0x0000000787a00000, 0x0000000787a00000| Complete 
| 123|0x0000000787b00000, 0x0000000787c00000, 0x0000000787c00000|100%| E|CS|TAMS 0x0000000787b00000, 0x0000000787b00000| Complete 
| 124|0x0000000787c00000, 0x0000000787d00000, 0x0000000787d00000|100%| E|CS|TAMS 0x0000000787c00000, 0x0000000787c00000| Complete 
| 125|0x0000000787d00000, 0x0000000787e00000, 0x0000000787e00000|100%| E|CS|TAMS 0x0000000787d00000, 0x0000000787d00000| Complete 
| 126|0x0000000787e00000, 0x0000000787f00000, 0x0000000787f00000|100%| E|CS|TAMS 0x0000000787e00000, 0x0000000787e00000| Complete 
| 127|0x0000000787f00000, 0x0000000788000000, 0x0000000788000000|100%| E|CS|TAMS 0x0000000787f00000, 0x0000000787f00000| Complete 

Card table byte_map: [0x0000000108551000,0x0000000108951000] _byte_map_base: 0x0000000104951000

Marking Bits (Prev, Next): (CMBitMap*) 0x00007fabb902fa18, (CMBitMap*) 0x00007fabb902fa50
 Prev Bits: [0x0000000120908000, 0x0000000122908000)
 Next Bits: [0x0000000122908000, 0x0000000124908000)

Polling page: 0x0000000105067000

Metaspace:

Usage:
  Non-class:      9.78 MB capacity,     9.63 MB ( 98%) used,   136.97 KB (  1%) free+waste,    16.62 KB ( <1%) overhead. 
      Class:      1.05 MB capacity,   995.08 KB ( 93%) used,    71.17 KB (  7%) free+waste,     7.75 KB ( <1%) overhead. 
       Both:     10.83 MB capacity,    10.60 MB ( 98%) used,   208.14 KB (  2%) free+waste,    24.38 KB ( <1%) overhead. 

Virtual space:
  Non-class space:       10.00 MB reserved,      10.00 MB (100%) committed 
      Class space:        1.00 GB reserved,       1.12 MB ( <1%) committed 
             Both:        1.01 GB reserved,      11.12 MB (  1%) committed 

Chunk freelists:
   Non-Class:  117.00 KB
       Class:  14.00 KB
        Both:  131.00 KB

MaxMetaspaceSize: unlimited
CompressedClassSpaceSize: 1.00 GB

CodeHeap 'non-profiled nmethods': size=120032Kb used=198Kb max_used=198Kb free=119833Kb
 bounds [0x00000001193d0000, 0x0000000119640000, 0x0000000120908000]
CodeHeap 'profiled nmethods': size=120032Kb used=1101Kb max_used=1101Kb free=118930Kb
 bounds [0x0000000111e98000, 0x0000000112108000, 0x00000001193d0000]
CodeHeap 'non-nmethods': size=5696Kb used=1090Kb max_used=1103Kb free=4605Kb
 bounds [0x0000000111908000, 0x0000000111b78000, 0x0000000111e98000]
 total_blobs=1244 nmethods=688 adapters=318
 compilation: enabled
              stopped_count=0, restarted_count=0
 full_count=0

Compilation events (20 events):
Event: 2.585 Thread 0x00007fabb801c800 nmethod 678 0x0000000111fa3610 code [0x0000000111fa3a80, 0x0000000111fa68c8]
Event: 2.585 Thread 0x00007fabb801c800  679       3       java.io.File::isInvalid (48 bytes)
Event: 2.585 Thread 0x00007fabb801c800 nmethod 679 0x0000000111fa7a90 code [0x0000000111fa7ca0, 0x0000000111fa81d8]
Event: 2.587 Thread 0x00007fabb9051000 nmethod 675 0x0000000119400390 code [0x0000000119400540, 0x00000001194009f8]
Event: 2.673 Thread 0x00007fabb801c800  681       3       java.lang.ClassLoader::loadClass (7 bytes)
Event: 2.674 Thread 0x00007fabb801c800 nmethod 681 0x0000000111fa8390 code [0x0000000111fa8540, 0x0000000111fa8768]
Event: 2.674 Thread 0x00007fabb801c800  682       3       jdk.internal.loader.BuiltinClassLoader::loadClass (22 bytes)
Event: 2.675 Thread 0x00007fabb801c800 nmethod 682 0x0000000111fa8810 code [0x0000000111fa89e0, 0x0000000111fa8cf8]
Event: 2.687 Thread 0x00007fabb801c800  683       3       java.lang.Number::<init> (5 bytes)
Event: 2.687 Thread 0x00007fabb801c800 nmethod 683 0x0000000111fa8e10 code [0x0000000111fa8fc0, 0x0000000111fa9170]
Event: 2.687 Thread 0x00007fabb801c800  684       3       java.lang.Short::<init> (10 bytes)
Event: 2.688 Thread 0x00007fabb801c800 nmethod 684 0x0000000111fa9210 code [0x0000000111fa93c0, 0x0000000111fa95d0]
Event: 2.694 Thread 0x00007fabb801c800  685       3       jdk.internal.loader.ClassLoaders$AppClassLoader::loadClass (40 bytes)
Event: 2.694 Thread 0x00007fabb9051000  686       4       java.lang.StringLatin1::replace (196 bytes)
Event: 2.695 Thread 0x00007fabb801c800 nmethod 685 0x0000000111fa9690 code [0x0000000111fa98e0, 0x0000000111faa1f8]
Event: 2.695 Thread 0x00007fabb801c800  687       3       java.lang.ref.PhantomReference::<init> (7 bytes)
Event: 2.695 Thread 0x00007fabb801c800 nmethod 687 0x0000000111faa590 code [0x0000000111faa760, 0x0000000111faaa90]
Event: 2.701 Thread 0x00007fabb801c800  688       3       java.io.UnixFileSystem::prefixLength (25 bytes)
Event: 2.702 Thread 0x00007fabb801c800 nmethod 688 0x0000000111faab90 code [0x0000000111faadc0, 0x0000000111fab4b8]
Event: 2.712 Thread 0x00007fabb9051000 nmethod 686 0x0000000119401110 code [0x00000001194012c0, 0x0000000119401838]

GC Heap History (0 events):
No events

Deoptimization events (20 events):
Event: 0.367 Thread 0x00007fabb9009000 DEOPT PACKING pc=0x0000000111ed038b sp=0x000070000ca43dc0
Event: 0.367 Thread 0x00007fabb9009000 DEOPT UNPACKING pc=0x00000001119307ba sp=0x000070000ca43280 mode 0
Event: 1.188 Thread 0x00007fabb9009000 Uncommon trap: trap_request=0xffffffc6 fr.pc=0x00000001193dab94 relative=0x0000000000000074
Event: 1.188 Thread 0x00007fabb9009000 Uncommon trap: reason=bimorphic_or_optimized_type_check action=maybe_recompile pc=0x00000001193dab94 method=java.util.AbstractCollection.isEmpty()Z @ 1 c2
Event: 1.188 Thread 0x00007fabb9009000 DEOPT PACKING pc=0x00000001193dab94 sp=0x000070000ca43900
Event: 1.188 Thread 0x00007fabb9009000 DEOPT UNPACKING pc=0x00000001119309a5 sp=0x000070000ca438b0 mode 2
Event: 1.188 Thread 0x00007fabb9009000 Uncommon trap: trap_request=0xffffffc6 fr.pc=0x00000001193dab94 relative=0x0000000000000074
Event: 1.188 Thread 0x00007fabb9009000 Uncommon trap: reason=bimorphic_or_optimized_type_check action=maybe_recompile pc=0x00000001193dab94 method=java.util.AbstractCollection.isEmpty()Z @ 1 c2
Event: 1.188 Thread 0x00007fabb9009000 DEOPT PACKING pc=0x00000001193dab94 sp=0x000070000ca43ad0
Event: 1.188 Thread 0x00007fabb9009000 DEOPT UNPACKING pc=0x00000001119309a5 sp=0x000070000ca43a80 mode 2
Event: 1.190 Thread 0x00007fabb9009000 Uncommon trap: trap_request=0xffffffc6 fr.pc=0x00000001193dab94 relative=0x0000000000000074
Event: 1.190 Thread 0x00007fabb9009000 Uncommon trap: reason=bimorphic_or_optimized_type_check action=maybe_recompile pc=0x00000001193dab94 method=java.util.AbstractCollection.isEmpty()Z @ 1 c2
Event: 1.190 Thread 0x00007fabb9009000 DEOPT PACKING pc=0x00000001193dab94 sp=0x000070000ca43900
Event: 1.190 Thread 0x00007fabb9009000 DEOPT UNPACKING pc=0x00000001119309a5 sp=0x000070000ca438b0 mode 2
Event: 1.190 Thread 0x00007fabb9009000 Uncommon trap: trap_request=0xffffffc6 fr.pc=0x00000001193dab94 relative=0x0000000000000074
Event: 1.190 Thread 0x00007fabb9009000 Uncommon trap: reason=bimorphic_or_optimized_type_check action=maybe_recompile pc=0x00000001193dab94 method=java.util.AbstractCollection.isEmpty()Z @ 1 c2
Event: 1.190 Thread 0x00007fabb9009000 DEOPT PACKING pc=0x00000001193dab94 sp=0x000070000ca43ad0
Event: 1.190 Thread 0x00007fabb9009000 DEOPT UNPACKING pc=0x00000001119309a5 sp=0x000070000ca43a80 mode 2
Event: 2.568 Thread 0x00007fabb9298000 DEOPT PACKING pc=0x0000000111edb688 sp=0x000070000e21a4e0
Event: 2.568 Thread 0x00007fabb9298000 DEOPT UNPACKING pc=0x00000001119307ba sp=0x000070000e219950 mode 0

Classes redefined (0 events):
No events

Internal exceptions (17 events):
Event: 1.025 Thread 0x00007fabb9009000 Exception <a 'java/lang/ClassNotFoundException'{0x0000000787ce4340}: sun/awt/resources/spi/awtProvider> (0x0000000787ce4340) thrown at [./src/hotspot/share/classfile/systemDictionary.cpp, line 231]
Event: 1.225 Thread 0x00007fabb9009000 Exception <a 'java/io/FileNotFoundException'{0x0000000787b724f0}> (0x0000000787b724f0) thrown at [./src/hotspot/share/prims/jni.cpp, line 615]
Event: 1.253 Thread 0x00007fabb9009000 Exception <a 'java/lang/NoSuchMethodError'{0x0000000787bcd390}: 'java.lang.Object java.lang.invoke.DirectMethodHandle$Holder.invokeStatic(java.lang.Object, java.lang.Object, java.lang.Object, java.lang.Object, java.lang.Object, java.lang.Object, java.lang.Object, java.lang.Object, java.lang.Object, java.lang.Object, java.lang.Object, java.lang.Object, java.lang.Object, java.lang.Object, java.lang.Object)'> (0x0000000787bcd390) thrown at [./src/hotspot/share/interpreter/linkResolver.cpp, line 773]
Event: 1.258 Thread 0x00007fabb9009000 Exception <a 'java/lang/NoSuchMethodError'{0x0000000787bdb9a0}: 'java.lang.Object java.lang.invoke.DirectMethodHandle$Holder.invokeStatic(java.lang.Object, java.lang.Object, java.lang.Object, java.lang.Object, java.lang.Object, java.lang.Object, java.lang.Object, java.lang.Object, java.lang.Object, java.lang.Object, java.lang.Object, java.lang.Object, java.lang.Object, java.lang.Object, java.lang.Object, java.lang.Object)'> (0x0000000787bdb9a0) thrown at [./src/hotspot/share/interpreter/linkResolver.cpp, l
Event: 1.261 Thread 0x00007fabb9009000 Exception <a 'java/lang/NoSuchMethodError'{0x0000000787be9610}: 'java.lang.Object java.lang.invoke.DirectMethodHandle$Holder.invokeSpecial(java.lang.Object, java.lang.Object, int, int, java.lang.Object, java.lang.Object, java.lang.Object)'> (0x0000000787be9610) thrown at [./src/hotspot/share/interpreter/linkResolver.cpp, line 773]
Event: 1.262 Thread 0x00007fabb9009000 Exception <a 'java/lang/NoSuchMethodError'{0x0000000787becba0}: 'java.lang.Object java.lang.invoke.DelegatingMethodHandle$Holder.reinvoke_L(java.lang.Object, int, int, java.lang.Object, java.lang.Object, java.lang.Object)'> (0x0000000787becba0) thrown at [./src/hotspot/share/interpreter/linkResolver.cpp, line 773]
Event: 1.264 Thread 0x00007fabb9009000 Exception <a 'java/lang/NoSuchMethodError'{0x0000000787bf0f28}: 'java.lang.Object java.lang.invoke.DirectMethodHandle$Holder.invokeStatic(java.lang.Object, java.lang.Object, java.lang.Object, java.lang.Object, int)'> (0x0000000787bf0f28) thrown at [./src/hotspot/share/interpreter/linkResolver.cpp, line 773]
Event: 1.301 Thread 0x00007fabb9009000 Exception <a 'java/io/FileNotFoundException'{0x0000000787a53f58}> (0x0000000787a53f58) thrown at [./src/hotspot/share/prims/jni.cpp, line 615]
Event: 1.322 Thread 0x00007fabb9009000 Exception <a 'java/lang/ClassNotFoundException'{0x0000000787a55e28}: sun/awt/resources/spi/awtosxProvider> (0x0000000787a55e28) thrown at [./src/hotspot/share/classfile/systemDictionary.cpp, line 231]
Event: 1.534 Thread 0x00007fabb9009000 Exception <a 'java/lang/NoSuchMethodError'{0x0000000787a98c88}: 'java.lang.Object java.lang.invoke.DirectMethodHandle$Holder.invokeStatic(java.lang.Object, java.lang.Object, java.lang.Object, java.lang.Object, java.lang.Object, java.lang.Object, java.lang.Object, java.lang.Object, int)'> (0x0000000787a98c88) thrown at [./src/hotspot/share/interpreter/linkResolver.cpp, line 773]
Event: 1.546 Thread 0x00007fabb9009000 Exception <a 'java/lang/NoSuchMethodError'{0x0000000787ab2d68}: 'java.lang.Object java.lang.invoke.DirectMethodHandle$Holder.invokeStatic(java.lang.Object, java.lang.Object, java.lang.Object, java.lang.Object, java.lang.Object, java.lang.Object, java.lang.Object, java.lang.Object, int, int)'> (0x0000000787ab2d68) thrown at [./src/hotspot/share/interpreter/linkResolver.cpp, line 773]
Event: 2.165 Thread 0x00007fabb9009000 Exception <a 'java/security/PrivilegedActionException'{0x0000000787ac45a8}> (0x0000000787ac45a8) thrown at [./src/hotspot/share/prims/jvm.cpp, line 1297]
Event: 2.165 Thread 0x00007fabb9009000 Exception <a 'java/security/PrivilegedActionException'{0x0000000787ac6d58}> (0x0000000787ac6d58) thrown at [./src/hotspot/share/prims/jvm.cpp, line 1297]
Event: 2.165 Thread 0x00007fabb9009000 Exception <a 'java/security/PrivilegedActionException'{0x0000000787ac7d10}> (0x0000000787ac7d10) thrown at [./src/hotspot/share/prims/jvm.cpp, line 1297]
Event: 2.169 Thread 0x00007fabb9009000 Exception <a 'java/security/PrivilegedActionException'{0x0000000787800110}> (0x0000000787800110) thrown at [./src/hotspot/share/prims/jvm.cpp, line 1297]
Event: 2.169 Thread 0x00007fabb9009000 Exception <a 'java/security/PrivilegedActionException'{0x0000000787800f78}> (0x0000000787800f78) thrown at [./src/hotspot/share/prims/jvm.cpp, line 1297]
Event: 2.169 Thread 0x00007fabb9009000 Exception <a 'java/security/PrivilegedActionException'{0x0000000787801af8}> (0x0000000787801af8) thrown at [./src/hotspot/share/prims/jvm.cpp, line 1297]

Events (20 events):
Event: 2.679 loading class java/awt/Transparency done
Event: 2.679 loading class java/awt/image/BufferedImage done
Event: 2.682 loading class org/lwjgl/opengl/MacOSXNativeKeyboard
Event: 2.682 loading class org/lwjgl/opengl/MacOSXNativeKeyboard done
Event: 2.685 loading class java/lang/Short$ShortCache
Event: 2.685 loading class java/lang/Short$ShortCache done
Event: 2.686 loading class org/lwjgl/opengl/ContextGL
Event: 2.686 loading class org/lwjgl/opengl/ContextGL done
Event: 2.691 loading class org/lwjgl/opengl/ContextImplementation
Event: 2.691 loading class org/lwjgl/opengl/ContextImplementation done
Event: 2.692 loading class org/lwjgl/opengl/MacOSXContextImplementation
Event: 2.692 loading class org/lwjgl/opengl/MacOSXContextImplementation done
Event: 2.693 loading class org/lwjgl/opengl/GLContext
Event: 2.693 loading class org/lwjgl/opengl/GLContext done
Event: 2.695 loading class java/lang/NumberFormatException
Event: 2.695 loading class java/lang/NumberFormatException done
Event: 2.696 loading class org/lwjgl/opengl/GLContext$CapabilitiesCacheEntry
Event: 2.696 loading class org/lwjgl/opengl/GLContext$CapabilitiesCacheEntry done
Event: 2.717 loading class org/lwjgl/opengl/ContextCapabilities
Event: 2.717 loading class org/lwjgl/opengl/ContextCapabilities done


Dynamic libraries:
0x00007fff35279000 	/System/Library/Frameworks/Cocoa.framework/Versions/A/Cocoa
0x00007fff2249e000 	/System/Library/Frameworks/Security.framework/Versions/A/Security
0x00007fff33476000 	/System/Library/Frameworks/ApplicationServices.framework/Versions/A/ApplicationServices
0x00007fff2a727000 	/usr/lib/libz.1.dylib
0x0000000105069000 	/Library/Java/JavaVirtualMachines/adoptopenjdk-11.jdk/Contents/Home/lib/jli/libjli.dylib
0x00007fff2a7ef000 	/usr/lib/libSystem.B.dylib
0x00007fff22ec5000 	/System/Library/Frameworks/AppKit.framework/Versions/C/AppKit
0x00007fff25d5d000 	/System/Library/Frameworks/CoreData.framework/Versions/A/CoreData
0x00007fff21411000 	/System/Library/Frameworks/Foundation.framework/Versions/C/Foundation
0x00007fff23c28000 	/System/Library/PrivateFrameworks/UIFoundation.framework/Versions/A/UIFoundation
0x00007fff2fe55000 	/System/Library/PrivateFrameworks/RemoteViewServices.framework/Versions/A/RemoteViewServices
0x00007fff28c4e000 	/System/Library/PrivateFrameworks/XCTTargetBootstrap.framework/Versions/A/XCTTargetBootstrap
0x00007fff2b92f000 	/usr/lib/libspindump.dylib
0x00007fff23e7d000 	/System/Library/Frameworks/UniformTypeIdentifiers.framework/Versions/A/UniformTypeIdentifiers
0x00007fff27424000 	/usr/lib/libapp_launch_measurement.dylib
0x00007fff27427000 	/System/Library/PrivateFrameworks/CoreAutoLayout.framework/Versions/A/CoreAutoLayout
0x00007fff285b0000 	/System/Library/Frameworks/Metal.framework/Versions/A/Metal
0x00007fff292a0000 	/usr/lib/liblangid.dylib
0x00007fff28c52000 	/System/Library/PrivateFrameworks/CoreSVG.framework/Versions/A/CoreSVG
0x00007fff24e64000 	/System/Library/PrivateFrameworks/SkyLight.framework/Versions/A/SkyLight
0x00007fff251cb000 	/System/Library/Frameworks/CoreGraphics.framework/Versions/A/CoreGraphics
0x00007fff304ac000 	/System/Library/Frameworks/Accelerate.framework/Versions/A/Accelerate
0x00007fff2b36a000 	/System/Library/PrivateFrameworks/IconServices.framework/Versions/A/IconServices
0x00007fff28595000 	/System/Library/Frameworks/IOSurface.framework/Versions/A/IOSurface
0x00007fff266e6000 	/usr/lib/libDiagnosticMessagesClient.dylib
0x00007fff28c3a000 	/System/Library/PrivateFrameworks/DFRFoundation.framework/Versions/A/DFRFoundation
0x00007fff227f0000 	/usr/lib/libicucore.A.dylib
0x00007fff2ce76000 	/System/Library/Frameworks/AudioToolbox.framework/Versions/A/AudioToolbox
0x00007fff2c11b000 	/System/Library/PrivateFrameworks/DataDetectorsCore.framework/Versions/A/DataDetectorsCore
0x00007fff2893a000 	/System/Library/Frameworks/Carbon.framework/Versions/A/Frameworks/HIToolbox.framework/Versions/A/HIToolbox
0x00007fff26e7f000 	/System/Library/Frameworks/QuartzCore.framework/Versions/A/QuartzCore
0x00007fff2fe91000 	/System/Library/Frameworks/Carbon.framework/Versions/A/Frameworks/SpeechRecognition.framework/Versions/A/SpeechRecognition
0x00007fff2718c000 	/System/Library/PrivateFrameworks/CoreUI.framework/Versions/A/CoreUI
0x00007fff21df9000 	/System/Library/Frameworks/CoreAudio.framework/Versions/A/CoreAudio
0x00007fff267d1000 	/System/Library/Frameworks/DiskArbitration.framework/Versions/A/DiskArbitration
0x00007fff2bd2a000 	/System/Library/PrivateFrameworks/MultitouchSupport.framework/Versions/A/MultitouchSupport
0x00007fff2c112000 	/System/Library/PrivateFrameworks/InternationalSupport.framework/Versions/A/InternationalSupport
0x00007fff24dd8000 	/usr/lib/libenergytrace.dylib
0x00007fff22dbe000 	/System/Library/Frameworks/IOKit.framework/Versions/A/IOKit
0x00007fff301de000 	/System/Library/Frameworks/CoreServices.framework/Versions/A/CoreServices
0x00007fff273ba000 	/System/Library/PrivateFrameworks/PerformanceAnalysis.framework/Versions/A/PerformanceAnalysis
0x00007fff6cb48000 	/System/Library/Frameworks/OpenGL.framework/Versions/A/OpenGL
0x00007fff2c197000 	/System/Library/PrivateFrameworks/UserActivity.framework/Versions/A/UserActivity
0x00007fff20484000 	/usr/lib/libobjc.A.dylib
0x00007fff2585f000 	/System/Library/Frameworks/ColorSync.framework/Versions/A/ColorSync
0x00007fff20664000 	/System/Library/Frameworks/CoreFoundation.framework/Versions/A/CoreFoundation
0x00007fff28eb7000 	/System/Library/Frameworks/CoreImage.framework/Versions/A/CoreImage
0x00007fff21c10000 	/System/Library/Frameworks/CoreText.framework/Versions/A/CoreText
0x00007fff28c7c000 	/System/Library/Frameworks/ImageIO.framework/Versions/A/ImageIO
0x00007fff2a7f5000 	/System/Library/PrivateFrameworks/SoftLinking.framework/Versions/A/SoftLinking
0x00007fff27470000 	/usr/lib/libxml2.2.dylib
0x00007fff20549000 	/usr/lib/libc++.1.dylib
0x00007fff2aa67000 	/usr/lib/libcompression.dylib
0x00007fff24dd9000 	/usr/lib/libMobileGestalt.dylib
0x00007fff2c045000 	/System/Library/PrivateFrameworks/TextureIO.framework/Versions/A/TextureIO
0x00007fff2b08d000 	/usr/lib/libate.dylib
0x00007fff2a7e9000 	/usr/lib/system/libcache.dylib
0x00007fff2a7a5000 	/usr/lib/system/libcommonCrypto.dylib
0x00007fff2a7cf000 	/usr/lib/system/libcompiler_rt.dylib
0x00007fff2a7c4000 	/usr/lib/system/libcopyfile.dylib
0x00007fff20372000 	/usr/lib/system/libcorecrypto.dylib
0x00007fff2043f000 	/usr/lib/system/libdispatch.dylib
0x00007fff205f3000 	/usr/lib/system/libdyld.dylib
0x00007fff2a7e0000 	/usr/lib/system/libkeymgr.dylib
0x00007fff2dc28000 	/usr/lib/system/liblaunch.dylib
0x00007fff2a783000 	/usr/lib/system/libmacho.dylib
0x00007fff29f9d000 	/usr/lib/system/libquarantine.dylib
0x00007fff2a7dd000 	/usr/lib/system/libremovefile.dylib
0x00007fff24e35000 	/usr/lib/system/libsystem_asl.dylib
0x00007fff20322000 	/usr/lib/system/libsystem_blocks.dylib
0x00007fff204c0000 	/usr/lib/system/libsystem_c.dylib
0x00007fff2a7d7000 	/usr/lib/system/libsystem_collections.dylib
0x00007fff29291000 	/usr/lib/system/libsystem_configuration.dylib
0x00007fff28584000 	/usr/lib/system/libsystem_containermanager.dylib
0x00007fff2a51f000 	/usr/lib/system/libsystem_coreservices.dylib
0x00007fff22a52000 	/usr/lib/system/libsystem_darwin.dylib
0x00007fff2a7e1000 	/usr/lib/system/libsystem_dnssd.dylib
0x00007fff204bd000 	/usr/lib/system/libsystem_featureflags.dylib
0x00007fff20638000 	/usr/lib/system/libsystem_info.dylib
0x00007fff2a73a000 	/usr/lib/system/libsystem_m.dylib
0x00007fff20412000 	/usr/lib/system/libsystem_malloc.dylib
0x00007fff24dc9000 	/usr/lib/system/libsystem_networkextension.dylib
0x00007fff22e6d000 	/usr/lib/system/libsystem_notify.dylib
0x00007fff300dc000 	/usr/lib/system/libsystem_product_info_filter.dylib
0x00007fff29295000 	/usr/lib/system/libsystem_sandbox.dylib
0x00007fff2a7da000 	/usr/lib/system/libsystem_secinit.dylib
0x00007fff205b8000 	/usr/lib/system/libsystem_kernel.dylib
0x00007fff2062e000 	/usr/lib/system/libsystem_platform.dylib
0x00007fff205e7000 	/usr/lib/system/libsystem_pthread.dylib
0x00007fff26534000 	/usr/lib/system/libsystem_symptoms.dylib
0x00007fff2035a000 	/usr/lib/system/libsystem_trace.dylib
0x00007fff2a7b1000 	/usr/lib/system/libunwind.dylib
0x00007fff20324000 	/usr/lib/system/libxpc.dylib
0x00007fff2059f000 	/usr/lib/libc++abi.dylib
0x00007fff2a7bc000 	/usr/lib/liboah.dylib
0x00007fff2ae72000 	/usr/lib/liblzma.5.dylib
0x00007fff21125000 	/System/Library/Frameworks/SystemConfiguration.framework/Versions/A/SystemConfiguration
0x00007fff2a7f1000 	/usr/lib/libfakelink.dylib
0x00007fff2492b000 	/System/Library/Frameworks/CFNetwork.framework/Versions/A/CFNetwork
0x00007fff2a931000 	/usr/lib/libarchive.2.dylib
0x00007fff211a3000 	/usr/lib/libCRFSuite.dylib
0x00007fff29fc4000 	/usr/lib/libbsm.0.dylib
0x00007fff242e7000 	/usr/lib/libnetwork.dylib
0x00007fff2a7f6000 	/usr/lib/libpcap.A.dylib
0x00007fff2652d000 	/usr/lib/libdns_services.dylib
0x00007fff2ae8b000 	/usr/lib/libcoretls_cfhelpers.dylib
0x00007fff2aa35000 	/usr/lib/libapple_nghttp2.dylib
0x00007fff2a789000 	/usr/lib/system/libkxld.dylib
0x00007fff26193000 	/usr/lib/libsqlite3.dylib
0x00007fff2a501000 	/System/Library/PrivateFrameworks/AppleFSCompression.framework/Versions/A/AppleFSCompression
0x00007fff29fac000 	/usr/lib/libcoretls.dylib
0x00007fff2aa62000 	/usr/lib/libpam.2.dylib
0x00007fff2af88000 	/usr/lib/libxar.1.dylib
0x00007fff2929c000 	/System/Library/PrivateFrameworks/AppleSystemInfo.framework/Versions/A/AppleSystemInfo
0x00007fff29bef000 	/System/Library/PrivateFrameworks/IOMobileFramebuffer.framework/Versions/A/IOMobileFramebuffer
0x00007fff2a511000 	/usr/lib/libbz2.1.0.dylib
0x00007fff2a82e000 	/usr/lib/libiconv.2.dylib
0x00007fff2a782000 	/usr/lib/libcharset.1.dylib
0x00007fff273f6000 	/System/Library/Frameworks/CoreServices.framework/Versions/A/Frameworks/FSEvents.framework/Versions/A/FSEvents
0x00007fff22a5c000 	/System/Library/Frameworks/CoreServices.framework/Versions/A/Frameworks/CarbonCore.framework/Versions/A/CarbonCore
0x00007fff26736000 	/System/Library/Frameworks/CoreServices.framework/Versions/A/Frameworks/Metadata.framework/Versions/A/Metadata
0x00007fff2a524000 	/System/Library/Frameworks/CoreServices.framework/Versions/A/Frameworks/OSServices.framework/Versions/A/OSServices
0x00007fff2a9a3000 	/System/Library/Frameworks/CoreServices.framework/Versions/A/Frameworks/SearchKit.framework/Versions/A/SearchKit
0x00007fff264b7000 	/System/Library/Frameworks/CoreServices.framework/Versions/A/Frameworks/AE.framework/Versions/A/AE
0x00007fff20b00000 	/System/Library/Frameworks/CoreServices.framework/Versions/A/Frameworks/LaunchServices.framework/Versions/A/LaunchServices
0x00007fff2ae23000 	/System/Library/Frameworks/CoreServices.framework/Versions/A/Frameworks/DictionaryServices.framework/Versions/A/DictionaryServices
0x00007fff273ff000 	/System/Library/Frameworks/CoreServices.framework/Versions/A/Frameworks/SharedFileList.framework/Versions/A/SharedFileList
0x00007fff29fa0000 	/usr/lib/libCheckFix.dylib
0x00007fff24e4c000 	/System/Library/PrivateFrameworks/TCC.framework/Versions/A/TCC
0x00007fff292a2000 	/System/Library/PrivateFrameworks/CoreNLP.framework/Versions/A/CoreNLP
0x00007fff266e9000 	/System/Library/PrivateFrameworks/MetadataUtilities.framework/Versions/A/MetadataUtilities
0x00007fff211d9000 	/usr/lib/libmecabra.dylib
0x00007fff2a2b3000 	/System/Library/Frameworks/MLCompute.framework/Versions/A/MLCompute
0x00007fff29fd5000 	/usr/lib/libmecab.dylib
0x00007fff2a01f000 	/usr/lib/libgermantok.dylib
0x00007fff2aa0b000 	/usr/lib/libThaiTokenizer.dylib
0x00007fff2afc3000 	/usr/lib/libChineseTokenizer.dylib
0x00007fff2aa60000 	/System/Library/Frameworks/MetalPerformanceShaders.framework/Versions/A/MetalPerformanceShaders
0x00007fff267d8000 	/System/Library/Frameworks/Accelerate.framework/Versions/A/Frameworks/vImage.framework/Versions/A/vImage
0x00007fff301b7000 	/System/Library/Frameworks/Accelerate.framework/Versions/A/Frameworks/vecLib.framework/Versions/A/vecLib
0x00007fff2afce000 	/System/Library/Frameworks/Accelerate.framework/Versions/A/Frameworks/vecLib.framework/Versions/A/libvMisc.dylib
0x00007fff29a08000 	/System/Library/Frameworks/Accelerate.framework/Versions/A/Frameworks/vecLib.framework/Versions/A/libvDSP.dylib
0x00007fff20e04000 	/System/Library/Frameworks/Accelerate.framework/Versions/A/Frameworks/vecLib.framework/Versions/A/libBLAS.dylib
0x00007fff2aa86000 	/System/Library/Frameworks/Accelerate.framework/Versions/A/Frameworks/vecLib.framework/Versions/A/libLAPACK.dylib
0x00007fff2a025000 	/System/Library/Frameworks/Accelerate.framework/Versions/A/Frameworks/vecLib.framework/Versions/A/libLinearAlgebra.dylib
0x00007fff2aa4d000 	/System/Library/Frameworks/Accelerate.framework/Versions/A/Frameworks/vecLib.framework/Versions/A/libSparseBLAS.dylib
0x00007fff2aa80000 	/System/Library/Frameworks/Accelerate.framework/Versions/A/Frameworks/vecLib.framework/Versions/A/libQuadrature.dylib
0x00007fff2934a000 	/System/Library/Frameworks/Accelerate.framework/Versions/A/Frameworks/vecLib.framework/Versions/A/libBNNS.dylib
0x00007fff210b6000 	/System/Library/Frameworks/Accelerate.framework/Versions/A/Frameworks/vecLib.framework/Versions/A/libSparse.dylib
0x00007fff29235000 	/System/Library/Frameworks/MetalPerformanceShaders.framework/Versions/A/Frameworks/MPSCore.framework/Versions/A/MPSCore
0x00007fff2a470000 	/System/Library/Frameworks/MetalPerformanceShaders.framework/Versions/A/Frameworks/MPSImage.framework/Versions/A/MPSImage
0x00007fff2a03b000 	/System/Library/Frameworks/MetalPerformanceShaders.framework/Versions/A/Frameworks/MPSNeuralNetwork.framework/Versions/A/MPSNeuralNetwork
0x00007fff2a3fb000 	/System/Library/Frameworks/MetalPerformanceShaders.framework/Versions/A/Frameworks/MPSMatrix.framework/Versions/A/MPSMatrix
0x00007fff2a263000 	/System/Library/Frameworks/MetalPerformanceShaders.framework/Versions/A/Frameworks/MPSRayIntersector.framework/Versions/A/MPSRayIntersector
0x00007fff2a432000 	/System/Library/Frameworks/MetalPerformanceShaders.framework/Versions/A/Frameworks/MPSNDArray.framework/Versions/A/MPSNDArray
0x00007fff20d30000 	/System/Library/PrivateFrameworks/MetalTools.framework/Versions/A/MetalTools
0x00007fff2929a000 	/System/Library/PrivateFrameworks/AggregateDictionary.framework/Versions/A/AggregateDictionary
0x00007fff266c1000 	/System/Library/PrivateFrameworks/CoreAnalytics.framework/Versions/A/CoreAnalytics
0x00007fff2aa0d000 	/System/Library/PrivateFrameworks/AppleSauce.framework/Versions/A/AppleSauce
0x00007fff285a7000 	/System/Library/PrivateFrameworks/IOAccelerator.framework/Versions/A/IOAccelerator
0x00007fff6cb3c000 	/System/Library/Frameworks/OpenGL.framework/Versions/A/Libraries/libCoreFSCache.dylib
0x00007fff21775000 	/System/Library/PrivateFrameworks/LanguageModeling.framework/Versions/A/LanguageModeling
0x00007fff29bdc000 	/System/Library/PrivateFrameworks/CoreEmoji.framework/Versions/A/CoreEmoji
0x00007fff29343000 	/System/Library/PrivateFrameworks/LinguisticData.framework/Versions/A/LinguisticData
0x00007fff21068000 	/System/Library/PrivateFrameworks/Lexicon.framework/Versions/A/Lexicon
0x00007fff2a91f000 	/usr/lib/libcmph.dylib
0x00007fff273d6000 	/System/Library/Frameworks/OpenDirectory.framework/Versions/A/Frameworks/CFOpenDirectory.framework/Versions/A/CFOpenDirectory
0x00007fff273c6000 	/System/Library/Frameworks/OpenDirectory.framework/Versions/A/OpenDirectory
0x00007fff2ae8d000 	/System/Library/PrivateFrameworks/APFS.framework/Versions/A/APFS
0x00007fff29f01000 	/System/Library/Frameworks/SecurityFoundation.framework/Versions/A/SecurityFoundation
0x00007fff2af96000 	/usr/lib/libutil.dylib
0x00007fff22d83000 	/System/Library/PrivateFrameworks/CoreServicesStore.framework/Versions/A/CoreServicesStore
0x00007fff29f98000 	/System/Library/Frameworks/ServiceManagement.framework/Versions/A/ServiceManagement
0x00007fff2af9a000 	/usr/lib/libxslt.1.dylib
0x00007fff29f8e000 	/System/Library/PrivateFrameworks/BackgroundTaskManagement.framework/Versions/A/BackgroundTaskManagement
0x00007fff2bf8f000 	/System/Library/Frameworks/ImageIO.framework/Versions/A/Resources/libRadiance.dylib
0x00007fff2bf99000 	/System/Library/Frameworks/ImageIO.framework/Versions/A/Resources/libJPEG.dylib
0x00007fff2bee4000 	/System/Library/Frameworks/ImageIO.framework/Versions/A/Resources/libPng.dylib
0x00007fff2bf0b000 	/System/Library/Frameworks/ImageIO.framework/Versions/A/Resources/libTIFF.dylib
0x00007fff2bfee000 	/System/Library/Frameworks/ImageIO.framework/Versions/A/Resources/libGIF.dylib
0x00007fff2bc47000 	/System/Library/Frameworks/ImageIO.framework/Versions/A/Resources/libJP2.dylib
0x00007fff2b331000 	/usr/lib/libexpat.1.dylib
0x00007fff2bbfc000 	/System/Library/PrivateFrameworks/AppleJPEG.framework/Versions/A/AppleJPEG
0x00007fff287dd000 	/System/Library/PrivateFrameworks/FontServices.framework/libFontParser.dylib
0x00007fff2646b000 	/System/Library/PrivateFrameworks/RunningBoardServices.framework/Versions/A/RunningBoardServices
0x00007fff2bd26000 	/System/Library/PrivateFrameworks/WatchdogClient.framework/Versions/A/WatchdogClient
0x00007fff21862000 	/System/Library/Frameworks/CoreDisplay.framework/Versions/A/CoreDisplay
0x00007fff286f3000 	/System/Library/Frameworks/CoreMedia.framework/Versions/A/CoreMedia
0x00007fff27553000 	/System/Library/Frameworks/CoreVideo.framework/Versions/A/CoreVideo
0x00007fff2bd5e000 	/System/Library/Frameworks/VideoToolbox.framework/Versions/A/VideoToolbox
0x00007fff263e9000 	/System/Library/PrivateFrameworks/BaseBoard.framework/Versions/A/BaseBoard
0x00007fff2b476000 	/System/Library/PrivateFrameworks/PersistentConnection.framework/Versions/A/PersistentConnection
0x00007fff2617c000 	/System/Library/PrivateFrameworks/ProtocolBuffer.framework/Versions/A/ProtocolBuffer
0x00007fff263d0000 	/System/Library/PrivateFrameworks/CommonUtilities.framework/Versions/A/CommonUtilities
0x00007fff2bb91000 	/System/Library/PrivateFrameworks/Bom.framework/Versions/A/Bom
0x00007fff2bf88000 	/System/Library/PrivateFrameworks/GPUWrangler.framework/Versions/A/GPUWrangler
0x00007fff2bf6b000 	/System/Library/PrivateFrameworks/IOPresentment.framework/Versions/A/IOPresentment
0x00007fff2bf93000 	/System/Library/PrivateFrameworks/DSExternalDisplay.framework/Versions/A/DSExternalDisplay
0x00007fff2bff3000 	/System/Library/PrivateFrameworks/CMCaptureCore.framework/Versions/A/CMCaptureCore
0x00007fff2b916000 	/System/Library/PrivateFrameworks/AppServerSupport.framework/Versions/A/AppServerSupport
0x00007fff2d9c7000 	/System/Library/PrivateFrameworks/perfdata.framework/Versions/A/perfdata
0x00007fff29ef0000 	/System/Library/PrivateFrameworks/AssertionServices.framework/Versions/A/AssertionServices
0x00007fff21999000 	/System/Library/PrivateFrameworks/AudioToolboxCore.framework/Versions/A/AudioToolboxCore
0x00007fff286d6000 	/System/Library/PrivateFrameworks/caulk.framework/Versions/A/caulk
0x00007fff3d672000 	/System/Library/PrivateFrameworks/SystemPolicy.framework/Versions/A/SystemPolicy
0x00007fff2b126000 	/usr/lib/libIOReport.dylib
0x00007fff2d1e9000 	/usr/lib/libSMC.dylib
0x00007fff2beb1000 	/usr/lib/libAudioToolboxUtility.dylib
0x00007fff3dfdc000 	/usr/lib/libmis.dylib
0x00007fff6cb98000 	/System/Library/Frameworks/OpenGL.framework/Versions/A/Libraries/libGLU.dylib
0x00007fff6cb5b000 	/System/Library/Frameworks/OpenGL.framework/Versions/A/Libraries/libGFXShared.dylib
0x00007fff6cd6a000 	/System/Library/Frameworks/OpenGL.framework/Versions/A/Libraries/libGL.dylib
0x00007fff6cb64000 	/System/Library/Frameworks/OpenGL.framework/Versions/A/Libraries/libGLImage.dylib
0x00007fff6cb58000 	/System/Library/Frameworks/OpenGL.framework/Versions/A/Libraries/libCVMSPluginSupport.dylib
0x00007fff6cb43000 	/System/Library/Frameworks/OpenGL.framework/Versions/A/Libraries/libCoreVMClient.dylib
0x00007fff6e1ab000 	/System/Library/Frameworks/OpenCL.framework/Versions/A/OpenCL
0x00007fff2b4a0000 	/System/Library/PrivateFrameworks/GraphVisualizer.framework/Versions/A/GraphVisualizer
0x00007fff2b4af000 	/System/Library/PrivateFrameworks/FaceCore.framework/Versions/A/FaceCore
0x00007fff2b8cb000 	/System/Library/PrivateFrameworks/OTSVG.framework/Versions/A/OTSVG
0x00007fff2714a000 	/System/Library/Frameworks/ApplicationServices.framework/Versions/A/Frameworks/ATS.framework/Versions/A/Resources/libFontRegistry.dylib
0x00007fff2b91d000 	/System/Library/PrivateFrameworks/FontServices.framework/libhvf.dylib
0x00007fff2b2dd000 	/System/Library/PrivateFrameworks/AppleVA.framework/Versions/A/AppleVA
0x00007fff2d032000 	/System/Library/Frameworks/ApplicationServices.framework/Versions/A/Frameworks/ATS.framework/Versions/A/ATS
0x00007fff2d344000 	/System/Library/Frameworks/ApplicationServices.framework/Versions/A/Frameworks/ColorSyncLegacy.framework/Versions/A/ColorSyncLegacy
0x00007fff25956000 	/System/Library/Frameworks/ApplicationServices.framework/Versions/A/Frameworks/HIServices.framework/Versions/A/HIServices
0x00007fff2d329000 	/System/Library/Frameworks/ApplicationServices.framework/Versions/A/Frameworks/LangAnalysis.framework/Versions/A/LangAnalysis
0x00007fff2bffd000 	/System/Library/Frameworks/ApplicationServices.framework/Versions/A/Frameworks/PrintCore.framework/Versions/A/PrintCore
0x00007fff2d34c000 	/System/Library/Frameworks/ApplicationServices.framework/Versions/A/Frameworks/QD.framework/Versions/A/QD
0x00007fff2d022000 	/System/Library/Frameworks/ApplicationServices.framework/Versions/A/Frameworks/SpeechSynthesis.framework/Versions/A/SpeechSynthesis
0x00007fff2bfbe000 	/System/Library/Frameworks/ApplicationServices.framework/Versions/A/Frameworks/ATSUI.framework/Versions/A/ATSUI
0x00007fff2d2c9000 	/usr/lib/libcups.2.dylib
0x00007fff2d339000 	/System/Library/PrivateFrameworks/NetAuth.framework/Versions/A/NetAuth
0x00007fff2d9e3000 	/System/Library/Frameworks/Kerberos.framework/Versions/A/Kerberos
0x00007fff2d9f3000 	/System/Library/Frameworks/GSS.framework/Versions/A/GSS
0x00007fff2d09e000 	/usr/lib/libresolv.9.dylib
0x00007fff2b932000 	/System/Library/PrivateFrameworks/Heimdal.framework/Versions/A/Heimdal
0x00007fff33777000 	/System/Library/Frameworks/Kerberos.framework/Versions/A/Libraries/libHeimdalProxy.dylib
0x00007fff2653c000 	/System/Library/Frameworks/Network.framework/Versions/A/Network
0x00007fff2b34b000 	/usr/lib/libheimdal-asn1.dylib
0x00007fff2da43000 	/System/Library/PrivateFrameworks/CommonAuth.framework/Versions/A/CommonAuth
0x00007fff275a0000 	/System/Library/PrivateFrameworks/login.framework/Versions/A/Frameworks/loginsupport.framework/Versions/A/loginsupport
0x00007fff2cfa7000 	/System/Library/PrivateFrameworks/AudioSession.framework/Versions/A/AudioSession
0x00007fff2d00f000 	/usr/lib/libAudioStatistics.dylib
0x00007fff2b3d8000 	/System/Library/PrivateFrameworks/MediaExperience.framework/Versions/A/MediaExperience
0x00007fff2ce44000 	/System/Library/PrivateFrameworks/AudioSession.framework/libSessionUtility.dylib
0x00007fff2d9d4000 	/usr/lib/libperfcheck.dylib
0x00007fff2d358000 	/System/Library/PrivateFrameworks/AudioResourceArbitration.framework/Versions/A/AudioResourceArbitration
0x00007fff2b355000 	/System/Library/PrivateFrameworks/IconFoundation.framework/Versions/A/IconFoundation
0x00007fff2fe81000 	/System/Library/PrivateFrameworks/SpeechRecognitionCore.framework/Versions/A/SpeechRecognitionCore
0x0000000107800000 	/Library/Java/JavaVirtualMachines/adoptopenjdk-11.jdk/Contents/Home/lib/server/libjvm.dylib
0x000000010508f000 	/Library/Java/JavaVirtualMachines/adoptopenjdk-11.jdk/Contents/Home/lib/libverify.dylib
0x00000001050a0000 	/Library/Java/JavaVirtualMachines/adoptopenjdk-11.jdk/Contents/Home/lib/libjava.dylib
0x00000001050cc000 	/Library/Java/JavaVirtualMachines/adoptopenjdk-11.jdk/Contents/Home/lib/libinstrument.dylib
0x0000000105124000 	/Library/Java/JavaVirtualMachines/adoptopenjdk-11.jdk/Contents/Home/lib/libzip.dylib
0x0000000105130000 	/Library/Java/JavaVirtualMachines/adoptopenjdk-11.jdk/Contents/Home/lib/libjimage.dylib
0x0000000105784000 	/Library/Java/JavaVirtualMachines/adoptopenjdk-11.jdk/Contents/Home/lib/libnio.dylib
0x0000000105797000 	/Library/Java/JavaVirtualMachines/adoptopenjdk-11.jdk/Contents/Home/lib/libnet.dylib
0x00000001057b0000 	/Library/Java/JavaVirtualMachines/adoptopenjdk-11.jdk/Contents/Home/lib/libextnet.dylib
0x00000001057b8000 	/private/var/folders/6y/7l3qxljj513dtfybyfg7t85m0000gn/T/libgdxlwutkowski/c2f65b3b/libgdx64.dylib
0x00007fff78a84000 	/usr/lib/libstdc++.6.dylib
0x0000000108d51000 	/Library/Java/JavaVirtualMachines/adoptopenjdk-11.jdk/Contents/Home/lib/libawt.dylib
0x0000000108df0000 	/Library/Java/JavaVirtualMachines/adoptopenjdk-11.jdk/Contents/Home/lib/libmlib_image.dylib
0x00007fff6f9d8000 	/System/Library/Frameworks/JavaNativeFoundation.framework/Versions/A/JavaNativeFoundation
0x00007fff6f9e4000 	/System/Library/Frameworks/JavaRuntimeSupport.framework/Versions/A/JavaRuntimeSupport
0x00007fff3d3ea000 	/System/Library/Frameworks/Carbon.framework/Versions/A/Carbon
0x00007fff31e4b000 	/System/Library/PrivateFrameworks/CoreSymbolication.framework/Versions/A/CoreSymbolication
0x00007fff366e4000 	/System/Library/Frameworks/Carbon.framework/Versions/A/Frameworks/CommonPanels.framework/Versions/A/CommonPanels
0x00007fff33231000 	/System/Library/Frameworks/Carbon.framework/Versions/A/Frameworks/Help.framework/Versions/A/Help
0x00007fff366e8000 	/System/Library/Frameworks/Carbon.framework/Versions/A/Frameworks/ImageCapture.framework/Versions/A/ImageCapture
0x00007fff366c0000 	/System/Library/Frameworks/Carbon.framework/Versions/A/Frameworks/OpenScripting.framework/Versions/A/OpenScripting
0x00007fff366e0000 	/System/Library/Frameworks/Carbon.framework/Versions/A/Frameworks/Ink.framework/Versions/A/Ink
0x00007fff3d3e6000 	/System/Library/Frameworks/Carbon.framework/Versions/A/Frameworks/Print.framework/Versions/A/Print
0x00007fff366dc000 	/System/Library/Frameworks/Carbon.framework/Versions/A/Frameworks/SecurityHI.framework/Versions/A/SecurityHI
0x00007fff31e0e000 	/System/Library/PrivateFrameworks/DebugSymbols.framework/Versions/A/DebugSymbols
0x0000000108e5d000 	/Library/Java/JavaVirtualMachines/adoptopenjdk-11.jdk/Contents/Home/lib/libawt_lwawt.dylib
0x0000000108f06000 	/Library/Java/JavaVirtualMachines/adoptopenjdk-11.jdk/Contents/Home/lib/libosxapp.dylib
0x00007fff3c7aa000 	/System/Library/Frameworks/ExceptionHandling.framework/Versions/A/ExceptionHandling
0x0000000108f2d000 	/Library/Java/JavaVirtualMachines/adoptopenjdk-11.jdk/Contents/Home/lib/libfontmanager.dylib
0x0000000109029000 	/Library/Java/JavaVirtualMachines/adoptopenjdk-11.jdk/Contents/Home/lib/libfreetype.dylib
0x00007fff22d44000 	/System/Library/PrivateFrameworks/CoreServicesInternal.framework/Versions/A/CoreServicesInternal
0x00007fff31367000 	/System/Library/Frameworks/FileProvider.framework/Versions/A/FileProvider
0x00007fff26353000 	/System/Library/Frameworks/Accounts.framework/Versions/A/Accounts
0x00007fff31488000 	/System/Library/PrivateFrameworks/GenerationalStorage.framework/Versions/A/GenerationalStorage
0x00007fff30d86000 	/System/Library/PrivateFrameworks/SymptomDiagnosticReporter.framework/Versions/A/SymptomDiagnosticReporter
0x00007fff2e68c000 	/System/Library/PrivateFrameworks/AppContainer.framework/Versions/A/AppContainer
0x00007fff23e90000 	/System/Library/PrivateFrameworks/DesktopServicesPriv.framework/Versions/A/DesktopServicesPriv
0x00007fff22e79000 	/usr/lib/libsandbox.1.dylib
0x00007fff275cc000 	/System/Library/PrivateFrameworks/UserManagement.framework/Versions/A/UserManagement
0x00007fff29ecd000 	/System/Library/PrivateFrameworks/MobileKeyBag.framework/Versions/A/MobileKeyBag
0x00007fff347e1000 	/System/Library/PrivateFrameworks/ChunkingLibrary.framework/Versions/A/ChunkingLibrary
0x00007fff2e6a1000 	/System/Library/PrivateFrameworks/SecCodeWrapper.framework/Versions/A/SecCodeWrapper
0x00007fff2b12e000 	/System/Library/PrivateFrameworks/CrashReporterSupport.framework/Versions/A/CrashReporterSupport
0x00007fff48565000 	/System/Library/PrivateFrameworks/OSAnalytics.framework/Versions/A/OSAnalytics
0x00007fff78370000 	/usr/lib/libRosetta.dylib
0x00007fff331c2000 	/System/Library/PrivateFrameworks/RemoteServiceDiscovery.framework/Versions/A/RemoteServiceDiscovery
0x00007fff5253d000 	/System/Library/PrivateFrameworks/Symbolication.framework/Versions/A/Symbolication
0x00007fff331d2000 	/System/Library/PrivateFrameworks/RemoteXPC.framework/Versions/A/RemoteXPC
0x00007fff396dd000 	/System/Library/PrivateFrameworks/OSAServicesClient.framework/Versions/A/OSAServicesClient
0x00007fff3dfbb000 	/System/Library/PrivateFrameworks/MallocStackLogging.framework/Versions/A/MallocStackLogging
0x00007fff2e423000 	/System/Library/PrivateFrameworks/Sharing.framework/Versions/A/Sharing
0x00007fff32d9f000 	/System/Library/PrivateFrameworks/Apple80211.framework/Versions/A/Apple80211
0x00007fff2a552000 	/System/Library/PrivateFrameworks/AuthKit.framework/Versions/A/AuthKit
0x00007fff29ccd000 	/System/Library/PrivateFrameworks/CoreUtils.framework/Versions/A/CoreUtils
0x00007fff29bfa000 	/System/Library/Frameworks/CoreWLAN.framework/Versions/A/CoreWLAN
0x00007fff2e56b000 	/System/Library/Frameworks/IOBluetooth.framework/Versions/A/IOBluetooth
0x00007fff32e03000 	/System/Library/PrivateFrameworks/CoreWiFi.framework/Versions/A/CoreWiFi
0x00007fff2dacb000 	/System/Library/PrivateFrameworks/CorePhoneNumbers.framework/Versions/A/CorePhoneNumbers
0x00007fff30e8e000 	/System/Library/PrivateFrameworks/DiskManagement.framework/Versions/A/DiskManagement
0x00007fff30da4000 	/System/Library/PrivateFrameworks/AppleIDAuthSupport.framework/Versions/A/AppleIDAuthSupport
0x00007fff2daa8000 	/System/Library/PrivateFrameworks/KeychainCircle.framework/Versions/A/KeychainCircle
0x00007fff30e5a000 	/System/Library/PrivateFrameworks/MediaKit.framework/Versions/A/MediaKit
0x00007fff30db1000 	/System/Library/Frameworks/DiscRecording.framework/Versions/A/DiscRecording
0x00007fff2b251000 	/usr/lib/libCoreStorage.dylib
0x00007fff3323d000 	/usr/lib/libcsfde.dylib
0x00007fff2e6a5000 	/System/Library/PrivateFrameworks/ProtectedCloudStorage.framework/Versions/A/ProtectedCloudStorage
0x00007fff33235000 	/System/Library/PrivateFrameworks/EFILogin.framework/Versions/A/EFILogin
0x00007fff3382a000 	/System/Library/Frameworks/AudioUnit.framework/Versions/A/AudioUnit
0x00007fff30d23000 	/System/Library/Frameworks/CoreBluetooth.framework/Versions/A/CoreBluetooth
0x00007fff2b249000 	/usr/lib/libMatch.1.dylib
0x00007fff441f6000 	/System/Library/CoreServices/RawCamera.bundle/Contents/MacOS/RawCamera
0x00007fff2da54000 	/System/Library/PrivateFrameworks/MobileAsset.framework/Versions/A/MobileAsset
0x00007fff3384f000 	/System/Library/PrivateFrameworks/StreamingZip.framework/Versions/A/StreamingZip
0x00007fff2c1f6000 	/System/Library/Frameworks/MediaToolbox.framework/Versions/A/MediaToolbox
0x00007fff31339000 	/System/Library/PrivateFrameworks/CoreAVCHD.framework/Versions/A/CoreAVCHD
0x00007fff304ed000 	/System/Library/Frameworks/MediaAccessibility.framework/Versions/A/MediaAccessibility
0x00007fff31335000 	/System/Library/PrivateFrameworks/Mangrove.framework/Versions/A/Mangrove
0x00007fff304f9000 	/System/Library/PrivateFrameworks/AlgosScoreFramework.framework/Versions/A/AlgosScoreFramework
0x00007fff31cfe000 	/System/Library/PrivateFrameworks/AppleVPA.framework/Versions/A/AppleVPA
0x00007fff30f7a000 	/System/Library/PrivateFrameworks/CoreAUC.framework/Versions/A/CoreAUC
0x00007fff41be8000 	/System/Library/Frameworks/Accelerate.framework/Versions/A/Frameworks/vImage.framework/Versions/A/Libraries/libCGInterfaces.dylib
0x000000012a4fe000 	/usr/lib/libobjc-trampolines.dylib
0x00007fff272ce000 	/System/Library/PrivateFrameworks/ViewBridge.framework/Versions/A/ViewBridge
0x000000012cf4f000 	/private/var/folders/6y/7l3qxljj513dtfybyfg7t85m0000gn/T/libgdxlwutkowski/f7649394/liblwjgl.dylib
0x000000012b879000 	/Library/Java/JavaVirtualMachines/adoptopenjdk-11.jdk/Contents/Home/lib/libjawt.dylib
0x000000012cfd1000 	/private/var/folders/6y/7l3qxljj513dtfybyfg7t85m0000gn/T/libgdxlwutkowski/f7649394/openal.dylib
0x000000012d168000 	/System/Library/Components/CoreAudio.component/Contents/MacOS/CoreAudio
0x000000012d304000 	/System/Library/Extensions/AppleHDA.kext/Contents/PlugIns/AppleHDAHALPlugIn.bundle/Contents/MacOS/AppleHDAHALPlugIn
0x00007fff6cd75000 	/System/Library/Frameworks/OpenGL.framework/Versions/A/Resources/GLEngine.bundle/GLEngine
0x00007fff6cbd5000 	/System/Library/Frameworks/OpenGL.framework/Versions/A/Libraries/libGLProgrammability.dylib
0x00007fff64746000 	/System/Library/Extensions/AppleIntelBDWGraphicsGLDriver.bundle/Contents/MacOS/AppleIntelBDWGraphicsGLDriver
0x00007fff46ef7000 	/System/Library/PrivateFrameworks/GPUSupport.framework/Versions/A/Libraries/libGPUSupportMercury.dylib
0x00007fff6cef1000 	/System/Library/Frameworks/OpenGL.framework/Versions/A/Resources/GLRendererFloat.bundle/GLRendererFloat
0x00007fff2b9f3000 	/System/Library/PrivateFrameworks/login.framework/Versions/A/login


VM Arguments:
jvm_args: -javaagent:/Applications/IntelliJ IDEA.app/Contents/lib/idea_rt.jar=50859:/Applications/IntelliJ IDEA.app/Contents/bin -Dfile.encoding=UTF-8 
java_command: Launcher
java_class_path (initial): /Users/lwutkowski/IdeaProjects/StarfishCollectorCh3/out/production/StarfishCollectorCh3:/Users/lwutkowski/IdeaProjects/StarfishCollectorCh3/src/+libs/gdx.jar:/Users/lwutkowski/IdeaProjects/StarfishCollectorCh3/src/+libs/gdx-backend-lwjgl.jar:/Users/lwutkowski/IdeaProjects/StarfishCollectorCh3/src/+libs/gdx-backend-lwjgl-natives.jar:/Users/lwutkowski/IdeaProjects/StarfishCollectorCh3/src/+libs/gdx-natives.jar:/Users/lwutkowski/IdeaProjects/StarfishCollectorCh3/src/+libs/gdx-freetype-natives.jar:/Users/lwutkowski/IdeaProjects/StarfishCollectorCh3/src/+libs/gdx-freetype.jar
Launcher Type: SUN_STANDARD

[Global flags]
     intx CICompilerCount                          = 3                                         {product} {ergonomic}
     uint ConcGCThreads                            = 1                                         {product} {ergonomic}
     uint G1ConcRefinementThreads                  = 4                                         {product} {ergonomic}
   size_t G1HeapRegionSize                         = 1048576                                   {product} {ergonomic}
    uintx GCDrainStackTargetSize                   = 64                                        {product} {ergonomic}
   size_t InitialHeapSize                          = 134217728                                 {product} {ergonomic}
   size_t MarkStackSize                            = 4194304                                   {product} {ergonomic}
   size_t MaxHeapSize                              = 2147483648                                {product} {ergonomic}
   size_t MaxNewSize                               = 1287651328                                {product} {ergonomic}
   size_t MinHeapDeltaBytes                        = 1048576                                   {product} {ergonomic}
    uintx NonNMethodCodeHeapSize                   = 5830732                                {pd product} {ergonomic}
    uintx NonProfiledCodeHeapSize                  = 122913754                              {pd product} {ergonomic}
    uintx ProfiledCodeHeapSize                     = 122913754                              {pd product} {ergonomic}
    uintx ReservedCodeCacheSize                    = 251658240                              {pd product} {ergonomic}
     bool SegmentedCodeCache                       = true                                      {product} {ergonomic}
     bool UseCompressedClassPointers               = true                                 {lp64_product} {ergonomic}
     bool UseCompressedOops                        = true                                 {lp64_product} {ergonomic}
     bool UseG1GC                                  = true                                      {product} {ergonomic}

Logging:
Log output configuration:
 #0: stdout all=warning uptime,level,tags
 #1: stderr all=off uptime,level,tags

Environment Variables:
PATH=/usr/local/bin:/usr/bin:/bin:/usr/sbin:/sbin
SHELL=/bin/zsh

Signal Handlers:
SIGSEGV: [libjvm.dylib+0x741ffc], sa_mask[0]=11111111011111110111111111111111, sa_flags=SA_ONSTACK|SA_RESTART|SA_SIGINFO
SIGBUS: [libjvm.dylib+0x741ffc], sa_mask[0]=11111111011111110111111111111111, sa_flags=SA_RESTART|SA_SIGINFO
SIGFPE: [libjvm.dylib+0x741ffc], sa_mask[0]=11111111011111110111111111111111, sa_flags=SA_RESTART|SA_SIGINFO
SIGPIPE: [libjvm.dylib+0x5f3a13], sa_mask[0]=11111111011111110111111111111111, sa_flags=SA_RESTART|SA_SIGINFO
SIGXFSZ: [libjvm.dylib+0x5f3a13], sa_mask[0]=11111111011111110111111111111111, sa_flags=SA_RESTART|SA_SIGINFO
SIGILL: [libjvm.dylib+0x741ffc], sa_mask[0]=11111111011111110111111111111111, sa_flags=SA_RESTART|SA_SIGINFO
SIGUSR2: [libjvm.dylib+0x5f3ffb], sa_mask[0]=00100000000000000000000000000000, sa_flags=SA_RESTART|SA_SIGINFO
SIGHUP: [libjvm.dylib+0x5f2b41], sa_mask[0]=11111111011111110111111111111111, sa_flags=SA_RESTART|SA_SIGINFO
SIGINT: [libjvm.dylib+0x5f2b41], sa_mask[0]=11111111011111110111111111111111, sa_flags=SA_RESTART|SA_SIGINFO
SIGTERM: [libjvm.dylib+0x5f2b41], sa_mask[0]=11111111011111110111111111111111, sa_flags=SA_RESTART|SA_SIGINFO
SIGQUIT: [libjvm.dylib+0x5f2b41], sa_mask[0]=11111111011111110111111111111111, sa_flags=SA_RESTART|SA_SIGINFO


---------------  S Y S T E M  ---------------

OS:uname:Darwin 20.3.0 Darwin Kernel Version 20.3.0: Thu Jan 21 00:07:06 PST 2021; root:xnu-7195.81.3~1/RELEASE_X86_64 x86_64
OS uptime: 0 days 4:05 hours
rlimit: STACK 8192k, CORE 0k, NPROC 1392, NOFILE 10240, AS infinity, CPU infinity, DATA infinity, FSIZE infinity
load average:3.01 2.65 2.38

CPU:total 4 (initial active 4) (2 cores per cpu, 2 threads per core) family 6 model 61 stepping 4, cmov, cx8, fxsr, mmx, sse, sse2, sse3, ssse3, sse4.1, sse4.2, popcnt, avx, avx2, aes, clmul, erms, rtm, 3dnowpref, lzcnt, ht, tsc, tscinvbit, bmi1, bmi2, adx, fma

Memory: 4k page, physical 8388608k(47168k free), swap 0k(0k free)

vm_info: OpenJDK 64-Bit Server VM (11.0.7+10) for bsd-amd64 JRE (11.0.7+10), built on Apr 15 2020 11:23:14 by "jenkins" with gcc 4.2.1 Compatible Apple LLVM 10.0.1 (clang-1001.0.46.4)

END.
